<?xml version="1.0" encoding="utf-8"?>
<TestRun id="0c91c616-a98f-451d-9adb-85563ff6f154" name="@NOMTJFVTJN459-6 2025-09-15 20:42:50" xmlns="http://microsoft.com/schemas/VisualStudio/TeamTest/2010">
  <Times creation="2025-09-15T20:42:50.5481690+02:00" queuing="2025-09-15T20:42:50.5481690+02:00" start="2025-09-15T20:42:49.9152190+02:00" finish="2025-09-15T20:42:50.5696590+02:00" />
  <TestSettings name="default" id="c3023fc7-6521-4eeb-b4f9-05bd24ee2a33">
    <Deployment runDeploymentRoot="_NOMTJFVTJN459-6_2025-09-15_20_42_50" />
  </TestSettings>
  <Results>
    <UnitTestResult executionId="7cbed65a-805e-43a0-aa9d-05f8e190c168" testId="d8eb5319-1f86-d700-95a4-d4b05125c697" testName="Plugin.ByteArrays.Tests.ByteArrayExtensions_ArrayManipulationTests.Xor_Works_And_Throws_On_Errors" computerName="NOMTJFVTJN459-6" duration="00:00:00.0024082" startTime="2025-09-15T20:42:50.5135560+02:00" endTime="2025-09-15T20:42:50.5155940+02:00" testType="13cdc9d9-ddb5-4fa4-a97d-d965ccfc6d4b" outcome="Passed" testListId="8c84fa94-04c1-424b-9868-57a2d4851a1d" relativeResultsDirectory="7cbed65a-805e-43a0-aa9d-05f8e190c168" />
    <UnitTestResult executionId="e147c0c3-9aea-4404-9577-0a1974595a0b" testId="45787536-c73f-82d0-3d1f-29248321ba74" testName="Plugin.ByteArrays.Tests.ByteArrayExtensions_PrimitiveAndIntegerTests.ToBoolean_ReadsAndAdvances" computerName="NOMTJFVTJN459-6" duration="00:00:00.0000997" startTime="2025-09-15T20:42:50.5215090+02:00" endTime="2025-09-15T20:42:50.5215460+02:00" testType="13cdc9d9-ddb5-4fa4-a97d-d965ccfc6d4b" outcome="Passed" testListId="8c84fa94-04c1-424b-9868-57a2d4851a1d" relativeResultsDirectory="e147c0c3-9aea-4404-9577-0a1974595a0b" />
    <UnitTestResult executionId="3690a8d6-ae29-4400-9c60-8575b3a50d8f" testId="d58f1d46-a332-559e-e7b9-2817df33193d" testName="Plugin.ByteArrays.Tests.Coverage_OverloadsAndEdgesTests.Complex_Overloads_Version_Enum_Defaults" computerName="NOMTJFVTJN459-6" duration="00:00:00.0021413" startTime="2025-09-15T20:42:50.5154410+02:00" endTime="2025-09-15T20:42:50.5177030+02:00" testType="13cdc9d9-ddb5-4fa4-a97d-d965ccfc6d4b" outcome="Passed" testListId="8c84fa94-04c1-424b-9868-57a2d4851a1d" relativeResultsDirectory="3690a8d6-ae29-4400-9c60-8575b3a50d8f" />
    <UnitTestResult executionId="44a64fd2-ec98-468a-991c-eef6d38ea9e0" testId="0c8c6b7b-535e-c1d1-b1c7-9028cab2860c" testName="Plugin.ByteArrays.Tests.ByteArrayBuilderTests.AppendUtf8_Ascii_Hex_Base64" computerName="NOMTJFVTJN459-6" duration="00:00:00.0009297" startTime="2025-09-15T20:42:50.5153070+02:00" endTime="2025-09-15T20:42:50.5166330+02:00" testType="13cdc9d9-ddb5-4fa4-a97d-d965ccfc6d4b" outcome="Passed" testListId="8c84fa94-04c1-424b-9868-57a2d4851a1d" relativeResultsDirectory="44a64fd2-ec98-468a-991c-eef6d38ea9e0" />
    <UnitTestResult executionId="96496564-b76f-4810-9db7-ceb0bbbdf81c" testId="21055318-dfad-49c4-8213-4b49638d11b6" testName="Plugin.ByteArrays.Tests.ByteArrayExtensions_CoreTests.StartsWith_Works(array: [9, 9, 9], pattern: [1], expected: False)" computerName="NOMTJFVTJN459-6" duration="00:00:00.0001399" startTime="2025-09-15T20:42:50.5155560+02:00" endTime="2025-09-15T20:42:50.5156630+02:00" testType="13cdc9d9-ddb5-4fa4-a97d-d965ccfc6d4b" outcome="Passed" testListId="8c84fa94-04c1-424b-9868-57a2d4851a1d" relativeResultsDirectory="96496564-b76f-4810-9db7-ceb0bbbdf81c" />
    <UnitTestResult executionId="e42d609d-cf07-4848-977c-92edad7331fc" testId="4fda66c0-fb39-f5db-842e-dc555909ebc9" testName="Plugin.ByteArrays.Tests.ByteArrayExtensions_ComplexTypeTests.ToEnum_Int32_And_UInt64_Sizes" computerName="NOMTJFVTJN459-6" duration="00:00:00.0030296" startTime="2025-09-15T20:42:50.5219300+02:00" endTime="2025-09-15T20:42:50.5227690+02:00" testType="13cdc9d9-ddb5-4fa4-a97d-d965ccfc6d4b" outcome="Passed" testListId="8c84fa94-04c1-424b-9868-57a2d4851a1d" relativeResultsDirectory="e42d609d-cf07-4848-977c-92edad7331fc" />
    <UnitTestResult executionId="e71df225-2a14-474c-9ca8-2462920bdb13" testId="013ff20d-7c71-21e0-a209-3804256f5f7e" testName="Plugin.ByteArrays.Tests.Coverage_MoreWrappersTests.String_NonRef_Wrappers_Covered" computerName="NOMTJFVTJN459-6" duration="00:00:00.0009036" startTime="2025-09-15T20:42:50.5114150+02:00" endTime="2025-09-15T20:42:50.5130760+02:00" testType="13cdc9d9-ddb5-4fa4-a97d-d965ccfc6d4b" outcome="Passed" testListId="8c84fa94-04c1-424b-9868-57a2d4851a1d" relativeResultsDirectory="e71df225-2a14-474c-9ca8-2462920bdb13" />
    <UnitTestResult executionId="25d296bc-b6fd-423d-90e4-8ca45862c15d" testId="c2813650-c201-4d89-7cef-083efedc9c67" testName="Plugin.ByteArrays.Tests.ByteArrayExtensions_CoreTests.EndsWith_Works(array: [1, 2], pattern: [1, 2, 3], expected: False)" computerName="NOMTJFVTJN459-6" duration="00:00:00.0004728" startTime="2025-09-15T20:42:50.5109780+02:00" endTime="2025-09-15T20:42:50.5110530+02:00" testType="13cdc9d9-ddb5-4fa4-a97d-d965ccfc6d4b" outcome="Passed" testListId="8c84fa94-04c1-424b-9868-57a2d4851a1d" relativeResultsDirectory="25d296bc-b6fd-423d-90e4-8ca45862c15d" />
    <UnitTestResult executionId="d0a418d6-42d2-40dd-84f9-cf3e2342bd48" testId="fdb3e073-0e0e-677f-b4fc-eca53ce9667c" testName="Plugin.ByteArrays.Tests.ByteArrayExtensions_CoreTests.ToDebugString_WithContent_ReturnsCommaSeparated" computerName="NOMTJFVTJN459-6" duration="00:00:00.0029429" startTime="2025-09-15T20:42:50.5118300+02:00" endTime="2025-09-15T20:42:50.5147390+02:00" testType="13cdc9d9-ddb5-4fa4-a97d-d965ccfc6d4b" outcome="Passed" testListId="8c84fa94-04c1-424b-9868-57a2d4851a1d" relativeResultsDirectory="d0a418d6-42d2-40dd-84f9-cf3e2342bd48" />
    <UnitTestResult executionId="f83a05dd-c4ff-48e9-ae72-86f2d1e56921" testId="ee14d230-86cd-d79a-f919-8605b861d7e5" testName="Plugin.ByteArrays.Tests.Coverage_OverloadsAndEdgesTests.NonRef_Overloads_Are_Invoked" computerName="NOMTJFVTJN459-6" duration="00:00:00.0035548" startTime="2025-09-15T20:42:50.5177830+02:00" endTime="2025-09-15T20:42:50.5221690+02:00" testType="13cdc9d9-ddb5-4fa4-a97d-d965ccfc6d4b" outcome="Passed" testListId="8c84fa94-04c1-424b-9868-57a2d4851a1d" relativeResultsDirectory="f83a05dd-c4ff-48e9-ae72-86f2d1e56921" />
    <UnitTestResult executionId="d31de9a4-2663-475a-afdf-5638b181f18d" testId="12146700-93ac-7455-7263-1c72a4db3f99" testName="Plugin.ByteArrays.Tests.ByteArrayExtensions_PrimitiveAndIntegerTests.ToChar_Works" computerName="NOMTJFVTJN459-6" duration="00:00:00.0008030" startTime="2025-09-15T20:42:50.5168920+02:00" endTime="2025-09-15T20:42:50.5175940+02:00" testType="13cdc9d9-ddb5-4fa4-a97d-d965ccfc6d4b" outcome="Passed" testListId="8c84fa94-04c1-424b-9868-57a2d4851a1d" relativeResultsDirectory="d31de9a4-2663-475a-afdf-5638b181f18d" />
    <UnitTestResult executionId="1f135b33-9513-46a3-841a-cb2674d9ea21" testId="8789042b-4a58-b4f8-7f96-3f66ded22117" testName="Plugin.ByteArrays.Tests.ByteArrayExtensions_ComplexTypeTests.ToEnum_NonFlags_ValidAndInvalid" computerName="NOMTJFVTJN459-6" duration="00:00:00.0182907" startTime="2025-09-15T20:42:50.4697080+02:00" endTime="2025-09-15T20:42:50.5169270+02:00" testType="13cdc9d9-ddb5-4fa4-a97d-d965ccfc6d4b" outcome="Passed" testListId="8c84fa94-04c1-424b-9868-57a2d4851a1d" relativeResultsDirectory="1f135b33-9513-46a3-841a-cb2674d9ea21" />
    <UnitTestResult executionId="2891dc76-3ff3-4191-97e0-337544982590" testId="e3836f0c-e56c-d95b-c2de-4ab790ae66f0" testName="Plugin.ByteArrays.Tests.ByteArrayExtensions_FloatingAndStringTests.Base64_To_And_From" computerName="NOMTJFVTJN459-6" duration="00:00:00.0003234" startTime="2025-09-15T20:42:50.5229670+02:00" endTime="2025-09-15T20:42:50.5229980+02:00" testType="13cdc9d9-ddb5-4fa4-a97d-d965ccfc6d4b" outcome="Passed" testListId="8c84fa94-04c1-424b-9868-57a2d4851a1d" relativeResultsDirectory="2891dc76-3ff3-4191-97e0-337544982590" />
    <UnitTestResult executionId="ea4f97ec-0240-4f4f-b2a4-7201f670069c" testId="b93fa58b-b758-1c67-9f82-d87f5f9867a0" testName="Plugin.ByteArrays.Tests.Coverage_OverloadsAndEdgesTests.ByteArrayBuilder_ExtraBranches" computerName="NOMTJFVTJN459-6" duration="00:00:00.0011900" startTime="2025-09-15T20:42:50.5142830+02:00" endTime="2025-09-15T20:42:50.5153430+02:00" testType="13cdc9d9-ddb5-4fa4-a97d-d965ccfc6d4b" outcome="Passed" testListId="8c84fa94-04c1-424b-9868-57a2d4851a1d" relativeResultsDirectory="ea4f97ec-0240-4f4f-b2a4-7201f670069c" />
    <UnitTestResult executionId="049ddaed-d287-4839-a522-f0f7c4a5add1" testId="419b6212-6db9-c626-5c09-2553ba92231a" testName="Plugin.ByteArrays.Tests.ByteArrayExtensions_ComplexTypeTests.ToEnum_Flags_ValidAndInvalidBits" computerName="NOMTJFVTJN459-6" duration="00:00:00.0033111" startTime="2025-09-15T20:42:50.5174500+02:00" endTime="2025-09-15T20:42:50.5218530+02:00" testType="13cdc9d9-ddb5-4fa4-a97d-d965ccfc6d4b" outcome="Passed" testListId="8c84fa94-04c1-424b-9868-57a2d4851a1d" relativeResultsDirectory="049ddaed-d287-4839-a522-f0f7c4a5add1" />
    <UnitTestResult executionId="90747152-3feb-4661-a64f-38e5cae5f598" testId="33cbcec6-5feb-291e-6c20-7df1db67ecdc" testName="Plugin.ByteArrays.Tests.ObjectToByteArrayExtensionsTests.Hex_Base64_StringToBytes" computerName="NOMTJFVTJN459-6" duration="00:00:00.0012156" startTime="2025-09-15T20:42:50.5136660+02:00" endTime="2025-09-15T20:42:50.5148640+02:00" testType="13cdc9d9-ddb5-4fa4-a97d-d965ccfc6d4b" outcome="Passed" testListId="8c84fa94-04c1-424b-9868-57a2d4851a1d" relativeResultsDirectory="90747152-3feb-4661-a64f-38e5cae5f598" />
    <UnitTestResult executionId="9faf9e79-ef1b-4557-8b3a-3536c6ebf48b" testId="6f68a7e4-7730-a333-d1b9-05eda75b2514" testName="Plugin.ByteArrays.Tests.ObjectToByteArrayExtensionsTests.ToByteArray_Generic_SupportsManyTypes" computerName="NOMTJFVTJN459-6" duration="00:00:00.0138426" startTime="2025-09-15T20:42:50.4686710+02:00" endTime="2025-09-15T20:42:50.5131640+02:00" testType="13cdc9d9-ddb5-4fa4-a97d-d965ccfc6d4b" outcome="Passed" testListId="8c84fa94-04c1-424b-9868-57a2d4851a1d" relativeResultsDirectory="9faf9e79-ef1b-4557-8b3a-3536c6ebf48b" />
    <UnitTestResult executionId="232778cd-675a-4de3-a89c-f06b2902ab6c" testId="b3ed3661-d96c-b66d-6be0-ac28233c1ae4" testName="Plugin.ByteArrays.Tests.ByteArrayExtensions_ArrayManipulationTests.TrimEnd_ReturnsNewArray_And_NonDestructive_Works" computerName="NOMTJFVTJN459-6" duration="00:00:00.0129757" startTime="2025-09-15T20:42:50.4696100+02:00" endTime="2025-09-15T20:42:50.5116060+02:00" testType="13cdc9d9-ddb5-4fa4-a97d-d965ccfc6d4b" outcome="Passed" testListId="8c84fa94-04c1-424b-9868-57a2d4851a1d" relativeResultsDirectory="232778cd-675a-4de3-a89c-f06b2902ab6c" />
    <UnitTestResult executionId="31805097-9605-4db1-844a-3fcd6ccb515b" testId="08e5d512-f35a-7f63-1a34-da130c72f271" testName="Plugin.ByteArrays.Tests.ByteArrayExtensions_ArrayManipulationTests.Concatenate_HandlesNullsAndEmpty" computerName="NOMTJFVTJN459-6" duration="00:00:00.0013707" startTime="2025-09-15T20:42:50.5129840+02:00" endTime="2025-09-15T20:42:50.5133450+02:00" testType="13cdc9d9-ddb5-4fa4-a97d-d965ccfc6d4b" outcome="Passed" testListId="8c84fa94-04c1-424b-9868-57a2d4851a1d" relativeResultsDirectory="31805097-9605-4db1-844a-3fcd6ccb515b" />
    <UnitTestResult executionId="83b444ca-1b96-40dd-b7e9-f379d2d25a55" testId="aa653d69-f290-959e-ed47-82b9a823e7b5" testName="Plugin.ByteArrays.Tests.ByteArrayExtensions_CoreTests.StartsWith_Works(array: [1, 2, 3], pattern: [], expected: True)" computerName="NOMTJFVTJN459-6" duration="00:00:00.0000027" startTime="2025-09-15T20:42:50.5161610+02:00" endTime="2025-09-15T20:42:50.5161980+02:00" testType="13cdc9d9-ddb5-4fa4-a97d-d965ccfc6d4b" outcome="Passed" testListId="8c84fa94-04c1-424b-9868-57a2d4851a1d" relativeResultsDirectory="83b444ca-1b96-40dd-b7e9-f379d2d25a55" />
    <UnitTestResult executionId="c33a0fc9-8138-4428-aa9d-005e059dfba7" testId="a1fa8f82-09eb-9a1e-1137-bb544ef05aa3" testName="Plugin.ByteArrays.Tests.ByteArrayBuilderTests.AppendHex_Invalid_Throws" computerName="NOMTJFVTJN459-6" duration="00:00:00.0002976" startTime="2025-09-15T20:42:50.5221370+02:00" endTime="2025-09-15T20:42:50.5222320+02:00" testType="13cdc9d9-ddb5-4fa4-a97d-d965ccfc6d4b" outcome="Passed" testListId="8c84fa94-04c1-424b-9868-57a2d4851a1d" relativeResultsDirectory="c33a0fc9-8138-4428-aa9d-005e059dfba7" />
    <UnitTestResult executionId="b4911895-b08b-4d31-8839-7a71d8a640ae" testId="09469a33-7783-e079-cef3-39b1f2ac9426" testName="Plugin.ByteArrays.Tests.ByteArrayExtensions_CoreTests.ToHexDebugString_Null_ReturnsNullTag" computerName="NOMTJFVTJN459-6" duration="00:00:00.0000343" startTime="2025-09-15T20:42:50.5164880+02:00" endTime="2025-09-15T20:42:50.5165220+02:00" testType="13cdc9d9-ddb5-4fa4-a97d-d965ccfc6d4b" outcome="Passed" testListId="8c84fa94-04c1-424b-9868-57a2d4851a1d" relativeResultsDirectory="b4911895-b08b-4d31-8839-7a71d8a640ae" />
    <UnitTestResult executionId="2e9e8a2b-8772-4d15-8a47-d1d21c862b9d" testId="046936c2-0c4e-fa59-eb30-4fb021780709" testName="Plugin.ByteArrays.Tests.ByteArrayExtensions_CoreTests.IsIdenticalTo_CoversNullRefAndContent" computerName="NOMTJFVTJN459-6" duration="00:00:00.0102162" startTime="2025-09-15T20:42:50.4696610+02:00" endTime="2025-09-15T20:42:50.4883810+02:00" testType="13cdc9d9-ddb5-4fa4-a97d-d965ccfc6d4b" outcome="Passed" testListId="8c84fa94-04c1-424b-9868-57a2d4851a1d" relativeResultsDirectory="2e9e8a2b-8772-4d15-8a47-d1d21c862b9d" />
    <UnitTestResult executionId="b759e6cc-2fdb-4adc-b1d7-bdc3807cd3c2" testId="d3bcd0d6-c6d0-3305-8f66-32ed7bdb1351" testName="Plugin.ByteArrays.Tests.Coverage_OverloadsAndEdgesTests.StringConversions_ExtraEdges" computerName="NOMTJFVTJN459-6" duration="00:00:00.0155143" startTime="2025-09-15T20:42:50.4696430+02:00" endTime="2025-09-15T20:42:50.5137010+02:00" testType="13cdc9d9-ddb5-4fa4-a97d-d965ccfc6d4b" outcome="Passed" testListId="8c84fa94-04c1-424b-9868-57a2d4851a1d" relativeResultsDirectory="b759e6cc-2fdb-4adc-b1d7-bdc3807cd3c2" />
    <UnitTestResult executionId="ef63ea65-1f9f-4341-9ecb-49faccf1cea9" testId="a5f7c6f1-44c0-2c3a-e22e-1b60b3d5fb70" testName="Plugin.ByteArrays.Tests.ObjectToByteArrayExtensionsTests.StringToByteArrays_Work_And_Empty_ReturnsEmpty" computerName="NOMTJFVTJN459-6" duration="00:00:00.0011449" startTime="2025-09-15T20:42:50.5133030+02:00" endTime="2025-09-15T20:42:50.5135900+02:00" testType="13cdc9d9-ddb5-4fa4-a97d-d965ccfc6d4b" outcome="Passed" testListId="8c84fa94-04c1-424b-9868-57a2d4851a1d" relativeResultsDirectory="ef63ea65-1f9f-4341-9ecb-49faccf1cea9" />
    <UnitTestResult executionId="b1aec10d-8535-4b75-9f1d-d12424bd37c1" testId="00427d67-4807-0a18-9468-1dddd666c5b6" testName="Plugin.ByteArrays.Tests.Coverage_OverloadsAndEdgesTests.ArrayManipulation_ExtraBranches" computerName="NOMTJFVTJN459-6" duration="00:00:00.0001568" startTime="2025-09-15T20:42:50.5137810+02:00" endTime="2025-09-15T20:42:50.5138140+02:00" testType="13cdc9d9-ddb5-4fa4-a97d-d965ccfc6d4b" outcome="Passed" testListId="8c84fa94-04c1-424b-9868-57a2d4851a1d" relativeResultsDirectory="b1aec10d-8535-4b75-9f1d-d12424bd37c1" />
    <UnitTestResult executionId="1afce2ef-64cf-4321-bafd-c6a5896c2ce3" testId="14413d91-2a4c-a287-e7d4-473445e2552a" testName="Plugin.ByteArrays.Tests.ByteArrayExtensions_CoreTests.ToHexDebugString_WithContent_ReturnsHexPairs" computerName="NOMTJFVTJN459-6" duration="00:00:00.0012256" startTime="2025-09-15T20:42:50.5148300+02:00" endTime="2025-09-15T20:42:50.5154760+02:00" testType="13cdc9d9-ddb5-4fa4-a97d-d965ccfc6d4b" outcome="Passed" testListId="8c84fa94-04c1-424b-9868-57a2d4851a1d" relativeResultsDirectory="1afce2ef-64cf-4321-bafd-c6a5896c2ce3" />
    <UnitTestResult executionId="3e1f3d5d-c7ea-4649-bea9-daa614054c6c" testId="8ca562f1-d048-ef01-2a3a-a6462a2dace4" testName="Plugin.ByteArrays.Tests.ByteArrayExtensions_ComplexTypeTests.ToVersion_And_Default" computerName="NOMTJFVTJN459-6" duration="00:00:00.0001871" startTime="2025-09-15T20:42:50.5173290+02:00" endTime="2025-09-15T20:42:50.5173720+02:00" testType="13cdc9d9-ddb5-4fa4-a97d-d965ccfc6d4b" outcome="Passed" testListId="8c84fa94-04c1-424b-9868-57a2d4851a1d" relativeResultsDirectory="3e1f3d5d-c7ea-4649-bea9-daa614054c6c" />
    <UnitTestResult executionId="55c40b06-2d5f-47b4-9a9c-d832282bed99" testId="2232cc4c-586b-e594-2b0e-5dea027564e3" testName="Plugin.ByteArrays.Tests.ByteArrayBuilderTests.AppendBase64_Invalid_Throws" computerName="NOMTJFVTJN459-6" duration="00:00:00.0002618" startTime="2025-09-15T20:42:50.5226280+02:00" endTime="2025-09-15T20:42:50.5226610+02:00" testType="13cdc9d9-ddb5-4fa4-a97d-d965ccfc6d4b" outcome="Passed" testListId="8c84fa94-04c1-424b-9868-57a2d4851a1d" relativeResultsDirectory="55c40b06-2d5f-47b4-9a9c-d832282bed99" />
    <UnitTestResult executionId="79980e14-c321-4990-bfa1-eb9282662ac1" testId="9adac72a-13b6-d900-ffec-a1b888ab3889" testName="Plugin.ByteArrays.Tests.ByteArrayExtensions_PrimitiveAndIntegerTests.ToInt16_Int32_UInt64_AndDefaults" computerName="NOMTJFVTJN459-6" duration="00:00:00.0059190" startTime="2025-09-15T20:42:50.5109940+02:00" endTime="2025-09-15T20:42:50.5168150+02:00" testType="13cdc9d9-ddb5-4fa4-a97d-d965ccfc6d4b" outcome="Passed" testListId="8c84fa94-04c1-424b-9868-57a2d4851a1d" relativeResultsDirectory="79980e14-c321-4990-bfa1-eb9282662ac1" />
    <UnitTestResult executionId="c51f87f1-854d-479f-a1c4-ea7a3da333b2" testId="d9bddf79-e57b-4131-7d68-69d081029fb7" testName="Plugin.ByteArrays.Tests.ByteArrayExtensions_CoreTests.IndexOf_FindsPatternOrNot" computerName="NOMTJFVTJN459-6" duration="00:00:00.0002506" startTime="2025-09-15T20:42:50.5165990+02:00" endTime="2025-09-15T20:42:50.5167490+02:00" testType="13cdc9d9-ddb5-4fa4-a97d-d965ccfc6d4b" outcome="Passed" testListId="8c84fa94-04c1-424b-9868-57a2d4851a1d" relativeResultsDirectory="c51f87f1-854d-479f-a1c4-ea7a3da333b2" />
    <UnitTestResult executionId="ed940fe0-d2fd-471f-b2e2-210774881665" testId="d01cc9e4-2843-7e54-603b-84b256fe00c2" testName="Plugin.ByteArrays.Tests.ByteArrayExtensions_CoreTests.StartsWith_Works(array: [1, 2], pattern: [1, 2, 3], expected: False)" computerName="NOMTJFVTJN459-6" duration="00:00:00.0000018" startTime="2025-09-15T20:42:50.5162630+02:00" endTime="2025-09-15T20:42:50.5162980+02:00" testType="13cdc9d9-ddb5-4fa4-a97d-d965ccfc6d4b" outcome="Passed" testListId="8c84fa94-04c1-424b-9868-57a2d4851a1d" relativeResultsDirectory="ed940fe0-d2fd-471f-b2e2-210774881665" />
    <UnitTestResult executionId="62a4c0db-237a-4869-8624-dd482c7d97c2" testId="a91aa977-0e85-3471-b1ed-c3e26b87d46c" testName="Plugin.ByteArrays.Tests.ByteArrayBuilderTests.Append_Null_And_DisposeAsync_Covered" computerName="NOMTJFVTJN459-6" duration="00:00:00.0007769" startTime="2025-09-15T20:42:50.5208890+02:00" endTime="2025-09-15T20:42:50.5216700+02:00" testType="13cdc9d9-ddb5-4fa4-a97d-d965ccfc6d4b" outcome="Passed" testListId="8c84fa94-04c1-424b-9868-57a2d4851a1d" relativeResultsDirectory="62a4c0db-237a-4869-8624-dd482c7d97c2" />
    <UnitTestResult executionId="1a600d82-cf47-49d8-a1d4-c2ac3a992946" testId="4117f416-037b-bcb7-b6fb-2cfc10246a31" testName="Plugin.ByteArrays.Tests.ByteArrayBuilderTests.ToByteArray_MaxSize_Throws_When_Exceeded" computerName="NOMTJFVTJN459-6" duration="00:00:00.0010563" startTime="2025-09-15T20:42:50.5167160+02:00" endTime="2025-09-15T20:42:50.5174840+02:00" testType="13cdc9d9-ddb5-4fa4-a97d-d965ccfc6d4b" outcome="Passed" testListId="8c84fa94-04c1-424b-9868-57a2d4851a1d" relativeResultsDirectory="1a600d82-cf47-49d8-a1d4-c2ac3a992946" />
    <UnitTestResult executionId="a498d87e-2d7b-4199-9297-e4b2aaa10e4a" testId="8bd79e60-ddf0-5a43-cbd5-989747f30d39" testName="Plugin.ByteArrays.Tests.ByteArrayBuilderTests.Invoke_Private_AppendEnum_Generic_Via_Reflection" computerName="NOMTJFVTJN459-6" duration="00:00:00.0030142" startTime="2025-09-15T20:42:50.5227370+02:00" endTime="2025-09-15T20:42:50.5228340+02:00" testType="13cdc9d9-ddb5-4fa4-a97d-d965ccfc6d4b" outcome="Passed" testListId="8c84fa94-04c1-424b-9868-57a2d4851a1d" relativeResultsDirectory="a498d87e-2d7b-4199-9297-e4b2aaa10e4a" />
    <UnitTestResult executionId="b8ee527f-95c6-417d-a86c-5ddbb5705761" testId="26b5f716-2144-d463-552a-779def5ebe94" testName="Plugin.ByteArrays.Tests.ByteArrayBuilderTests.Append_Primitives_And_Enums" computerName="NOMTJFVTJN459-6" duration="00:00:00.0022450" startTime="2025-09-15T20:42:50.5217520+02:00" endTime="2025-09-15T20:42:50.5219620+02:00" testType="13cdc9d9-ddb5-4fa4-a97d-d965ccfc6d4b" outcome="Passed" testListId="8c84fa94-04c1-424b-9868-57a2d4851a1d" relativeResultsDirectory="b8ee527f-95c6-417d-a86c-5ddbb5705761" />
    <UnitTestResult executionId="95141488-da60-4b9f-912f-85afcb321be6" testId="9f5cb452-56c2-0e98-abb3-686df00164d1" testName="Plugin.ByteArrays.Tests.ByteArrayExtensions_CoreTests.ToDebugString_Null_ReturnsNullTag" computerName="NOMTJFVTJN459-6" duration="00:00:00.0000444" startTime="2025-09-15T20:42:50.5163760+02:00" endTime="2025-09-15T20:42:50.5164090+02:00" testType="13cdc9d9-ddb5-4fa4-a97d-d965ccfc6d4b" outcome="Passed" testListId="8c84fa94-04c1-424b-9868-57a2d4851a1d" relativeResultsDirectory="95141488-da60-4b9f-912f-85afcb321be6" />
    <UnitTestResult executionId="d58e6633-3978-4296-9595-570a99c96267" testId="1ca5c145-5b75-dd54-74d6-0e3408b1de1a" testName="Plugin.ByteArrays.Tests.ByteArrayExtensions_PrimitiveAndIntegerTests.ExecuteConversion_Guards_Throw_On_Invalid" computerName="NOMTJFVTJN459-6" duration="00:00:00.0011523" startTime="2025-09-15T20:42:50.5216360+02:00" endTime="2025-09-15T20:42:50.5217850+02:00" testType="13cdc9d9-ddb5-4fa4-a97d-d965ccfc6d4b" outcome="Passed" testListId="8c84fa94-04c1-424b-9868-57a2d4851a1d" relativeResultsDirectory="d58e6633-3978-4296-9595-570a99c96267" />
    <UnitTestResult executionId="9ddf38c4-4a14-424f-b4b5-f3e6d307a9bc" testId="8df47058-6fdd-d5dd-81dc-c6ea3b57464f" testName="Plugin.ByteArrays.Tests.ByteArrayExtensions_ArrayManipulationTests.Reverse_ReturnsNewArray" computerName="NOMTJFVTJN459-6" duration="00:00:00.0002380" startTime="2025-09-15T20:42:50.5118040+02:00" endTime="2025-09-15T20:42:50.5118730+02:00" testType="13cdc9d9-ddb5-4fa4-a97d-d965ccfc6d4b" outcome="Passed" testListId="8c84fa94-04c1-424b-9868-57a2d4851a1d" relativeResultsDirectory="9ddf38c4-4a14-424f-b4b5-f3e6d307a9bc" />
    <UnitTestResult executionId="77ef4c57-39b7-444b-a826-f263fca8cb92" testId="189bd127-2706-f7e0-f0d0-58b5aaa0b106" testName="Plugin.ByteArrays.Tests.Coverage_MoreWrappersTests.TrimEnd_NoTrimmingNeeded" computerName="NOMTJFVTJN459-6" duration="00:00:00.0128123" startTime="2025-09-15T20:42:50.4697240+02:00" endTime="2025-09-15T20:42:50.5112600+02:00" testType="13cdc9d9-ddb5-4fa4-a97d-d965ccfc6d4b" outcome="Passed" testListId="8c84fa94-04c1-424b-9868-57a2d4851a1d" relativeResultsDirectory="77ef4c57-39b7-444b-a826-f263fca8cb92" />
    <UnitTestResult executionId="c050a234-c8c0-4db1-bfc8-52640fa8ad35" testId="fc1ec564-6553-becb-7f85-7da579d235ba" testName="Plugin.ByteArrays.Tests.ByteArrayExtensions_CoreTests.EndsWith_Works(array: [9, 9, 9], pattern: [1], expected: False)" computerName="NOMTJFVTJN459-6" duration="00:00:00.0000081" startTime="2025-09-15T20:42:50.5115130+02:00" endTime="2025-09-15T20:42:50.5115490+02:00" testType="13cdc9d9-ddb5-4fa4-a97d-d965ccfc6d4b" outcome="Passed" testListId="8c84fa94-04c1-424b-9868-57a2d4851a1d" relativeResultsDirectory="c050a234-c8c0-4db1-bfc8-52640fa8ad35" />
    <UnitTestResult executionId="d833b583-bfa1-44a8-bbbe-154ab8f4d44c" testId="ff2d64c8-ab21-e0d1-c32b-d395250cb7e2" testName="Plugin.ByteArrays.Tests.ByteArrayExtensions_FloatingAndStringTests.ToDouble_ToSingle_Roundtrip" computerName="NOMTJFVTJN459-6" duration="00:00:00.0109962" startTime="2025-09-15T20:42:50.4696760+02:00" endTime="2025-09-15T20:42:50.4835480+02:00" testType="13cdc9d9-ddb5-4fa4-a97d-d965ccfc6d4b" outcome="Passed" testListId="8c84fa94-04c1-424b-9868-57a2d4851a1d" relativeResultsDirectory="d833b583-bfa1-44a8-bbbe-154ab8f4d44c" />
    <UnitTestResult executionId="bd73c6a1-491f-4da0-9f89-2cc704eba9e5" testId="7d69d983-2741-2e71-fd96-d3bbe6dc1981" testName="Plugin.ByteArrays.Tests.ByteArrayExtensions_CoreTests.EndsWith_Works(array: [1, 2, 3], pattern: [], expected: True)" computerName="NOMTJFVTJN459-6" duration="00:00:00.0001449" startTime="2025-09-15T20:42:50.5112190+02:00" endTime="2025-09-15T20:42:50.5114500+02:00" testType="13cdc9d9-ddb5-4fa4-a97d-d965ccfc6d4b" outcome="Passed" testListId="8c84fa94-04c1-424b-9868-57a2d4851a1d" relativeResultsDirectory="bd73c6a1-491f-4da0-9f89-2cc704eba9e5" />
    <UnitTestResult executionId="75f0e255-8d56-40a0-af55-cb5b62babcf0" testId="1350e22a-0f8b-2470-a355-d92bb03c3c26" testName="Plugin.ByteArrays.Tests.ByteArrayExtensions_PrimitiveAndIntegerTests.ToByte_And_SByte" computerName="NOMTJFVTJN459-6" duration="00:00:00.0103027" startTime="2025-09-15T20:42:50.4696930+02:00" endTime="2025-09-15T20:42:50.4883190+02:00" testType="13cdc9d9-ddb5-4fa4-a97d-d965ccfc6d4b" outcome="Passed" testListId="8c84fa94-04c1-424b-9868-57a2d4851a1d" relativeResultsDirectory="75f0e255-8d56-40a0-af55-cb5b62babcf0" />
    <UnitTestResult executionId="59235b9e-ca24-4096-9b2b-491f41829be4" testId="e6762ee2-299a-352f-f950-76e04d95b7b4" testName="Plugin.ByteArrays.Tests.ByteArrayBuilderTests.ToString_Prints_CommaSeparated" computerName="NOMTJFVTJN459-6" duration="00:00:00.0000901" startTime="2025-09-15T20:42:50.5220350+02:00" endTime="2025-09-15T20:42:50.5220670+02:00" testType="13cdc9d9-ddb5-4fa4-a97d-d965ccfc6d4b" outcome="Passed" testListId="8c84fa94-04c1-424b-9868-57a2d4851a1d" relativeResultsDirectory="59235b9e-ca24-4096-9b2b-491f41829be4" />
    <UnitTestResult executionId="ab6e765d-a62e-4043-bf69-491315da6e49" testId="92c430cb-78ca-9cc7-ed4b-98c48c3a9fb6" testName="Plugin.ByteArrays.Tests.ByteArrayExtensions_ArrayManipulationTests.SafeSlice_HandlesInvalidParameters" computerName="NOMTJFVTJN459-6" duration="00:00:00.0002159" startTime="2025-09-15T20:42:50.5134410+02:00" endTime="2025-09-15T20:42:50.5134760+02:00" testType="13cdc9d9-ddb5-4fa4-a97d-d965ccfc6d4b" outcome="Passed" testListId="8c84fa94-04c1-424b-9868-57a2d4851a1d" relativeResultsDirectory="ab6e765d-a62e-4043-bf69-491315da6e49" />
    <UnitTestResult executionId="4c044a32-6c27-43c8-b336-b72a8983251a" testId="468f3ae9-9f47-4862-4bd1-bacd890acbe6" testName="Plugin.ByteArrays.Tests.ByteArrayExtensions_FloatingAndStringTests.Hex_String_To_And_From" computerName="NOMTJFVTJN459-6" duration="00:00:00.0222671" startTime="2025-09-15T20:42:50.5108770+02:00" endTime="2025-09-15T20:42:50.5228950+02:00" testType="13cdc9d9-ddb5-4fa4-a97d-d965ccfc6d4b" outcome="Passed" testListId="8c84fa94-04c1-424b-9868-57a2d4851a1d" relativeResultsDirectory="4c044a32-6c27-43c8-b336-b72a8983251a" />
    <UnitTestResult executionId="3619cd75-4d47-49ba-a5bb-7058165c6c70" testId="2d338e71-6c1c-edb4-d648-9ee785985a55" testName="Plugin.ByteArrays.Tests.ByteArrayExtensions_FloatingAndStringTests.Utf8_Ascii_Defaults_And_Lengths" computerName="NOMTJFVTJN459-6" duration="00:00:00.0001536" startTime="2025-09-15T20:42:50.5230690+02:00" endTime="2025-09-15T20:42:50.5231000+02:00" testType="13cdc9d9-ddb5-4fa4-a97d-d965ccfc6d4b" outcome="Passed" testListId="8c84fa94-04c1-424b-9868-57a2d4851a1d" relativeResultsDirectory="3619cd75-4d47-49ba-a5bb-7058165c6c70" />
    <UnitTestResult executionId="17e3fed6-8e20-4d62-a942-304c8c767bd1" testId="88c8ebc8-7520-bb2e-66e6-e081128566d4" testName="Plugin.ByteArrays.Tests.ByteArrayBuilderTests.Append_Decimal_Writes16Bytes" computerName="NOMTJFVTJN459-6" duration="00:00:00.0003579" startTime="2025-09-15T20:42:50.5175600+02:00" endTime="2025-09-15T20:42:50.5178170+02:00" testType="13cdc9d9-ddb5-4fa4-a97d-d965ccfc6d4b" outcome="Passed" testListId="8c84fa94-04c1-424b-9868-57a2d4851a1d" relativeResultsDirectory="17e3fed6-8e20-4d62-a942-304c8c767bd1" />
    <UnitTestResult executionId="08ed7dc8-d62b-4dc2-b9c5-3b5f4068a550" testId="a2ebcbd8-61d2-84ef-524b-85c19717ac11" testName="Plugin.ByteArrays.Tests.ByteArrayExtensions_FloatingAndStringTests.Utf8_And_Ascii_String_Conversions_Work" computerName="NOMTJFVTJN459-6" duration="00:00:00.0001007" startTime="2025-09-15T20:42:50.5232700+02:00" endTime="2025-09-15T20:42:50.5233020+02:00" testType="13cdc9d9-ddb5-4fa4-a97d-d965ccfc6d4b" outcome="Passed" testListId="8c84fa94-04c1-424b-9868-57a2d4851a1d" relativeResultsDirectory="08ed7dc8-d62b-4dc2-b9c5-3b5f4068a550" />
    <UnitTestResult executionId="1bf89da7-a1c2-4675-958d-af4c1aaade56" testId="bfb06148-0774-373f-d21e-0b6bed78b958" testName="Plugin.ByteArrays.Tests.ByteArrayExtensions_CoreTests.StartsWith_Works(array: [1, 2, 3, 4], pattern: [1, 2], expected: True)" computerName="NOMTJFVTJN459-6" duration="00:00:00.0001492" startTime="2025-09-15T20:42:50.5157220+02:00" endTime="2025-09-15T20:42:50.5157560+02:00" testType="13cdc9d9-ddb5-4fa4-a97d-d965ccfc6d4b" outcome="Passed" testListId="8c84fa94-04c1-424b-9868-57a2d4851a1d" relativeResultsDirectory="1bf89da7-a1c2-4675-958d-af4c1aaade56" />
    <UnitTestResult executionId="cf3cbd68-300a-40db-89ff-6e53321a3b3e" testId="446ffc45-21cc-408b-d302-365e11335086" testName="Plugin.ByteArrays.Tests.ByteArrayExtensions_FloatingAndStringTests.ToSingleOrDefault_OutOfBounds_ReturnsDefault_NoAdvance" computerName="NOMTJFVTJN459-6" duration="00:00:00.0000928" startTime="2025-09-15T20:42:50.5231700+02:00" endTime="2025-09-15T20:42:50.5232020+02:00" testType="13cdc9d9-ddb5-4fa4-a97d-d965ccfc6d4b" outcome="Passed" testListId="8c84fa94-04c1-424b-9868-57a2d4851a1d" relativeResultsDirectory="cf3cbd68-300a-40db-89ff-6e53321a3b3e" />
    <UnitTestResult executionId="a100357d-fe63-4140-83be-e5c967196356" testId="5976a396-4def-b4cf-1935-45187f2c5ea8" testName="Plugin.ByteArrays.Tests.ByteArrayExtensions_PrimitiveAndIntegerTests.ToBooleanOrDefault_OutOfBounds_ReturnsDefaultAndNoAdvance" computerName="NOMTJFVTJN459-6" duration="00:00:00.0004388" startTime="2025-09-15T20:42:50.5176690+02:00" endTime="2025-09-15T20:42:50.5209720+02:00" testType="13cdc9d9-ddb5-4fa4-a97d-d965ccfc6d4b" outcome="Passed" testListId="8c84fa94-04c1-424b-9868-57a2d4851a1d" relativeResultsDirectory="a100357d-fe63-4140-83be-e5c967196356" />
    <UnitTestResult executionId="fe8b60ed-ab54-43a5-830b-df6bfa9f3129" testId="0241d42a-b9c6-2bdf-bfe6-084ef6314fbd" testName="Plugin.ByteArrays.Tests.ByteArrayExtensions_CoreTests.EndsWith_Works(array: [1, 2, 3, 4], pattern: [3, 4], expected: True)" computerName="NOMTJFVTJN459-6" duration="00:00:00.0000019" startTime="2025-09-15T20:42:50.5116520+02:00" endTime="2025-09-15T20:42:50.5117270+02:00" testType="13cdc9d9-ddb5-4fa4-a97d-d965ccfc6d4b" outcome="Passed" testListId="8c84fa94-04c1-424b-9868-57a2d4851a1d" relativeResultsDirectory="fe8b60ed-ab54-43a5-830b-df6bfa9f3129" />
  </Results>
  <TestDefinitions>
    <UnitTest name="Plugin.ByteArrays.Tests.ByteArrayExtensions_CoreTests.ToHexDebugString_Null_ReturnsNullTag" storage="/users/framinosona/desktop/personal/plugin.bytearray/plugin.bytearrays.tests/bin/release/net9.0/plugin.bytearrays.tests.dll" id="09469a33-7783-e079-cef3-39b1f2ac9426">
      <Execution id="b4911895-b08b-4d31-8839-7a71d8a640ae" />
      <TestMethod codeBase="/Users/framinosona/Desktop/Personal/Plugin.ByteArray/Plugin.ByteArrays.Tests/bin/Release/net9.0/Plugin.ByteArrays.Tests.dll" adapterTypeName="executor://xunit/VsTestRunner3/netcore/" className="Plugin.ByteArrays.Tests.ByteArrayExtensions_CoreTests" name="ToHexDebugString_Null_ReturnsNullTag" />
    </UnitTest>
    <UnitTest name="Plugin.ByteArrays.Tests.Coverage_OverloadsAndEdgesTests.Complex_Overloads_Version_Enum_Defaults" storage="/users/framinosona/desktop/personal/plugin.bytearray/plugin.bytearrays.tests/bin/release/net9.0/plugin.bytearrays.tests.dll" id="d58f1d46-a332-559e-e7b9-2817df33193d">
      <Execution id="3690a8d6-ae29-4400-9c60-8575b3a50d8f" />
      <TestMethod codeBase="/Users/framinosona/Desktop/Personal/Plugin.ByteArray/Plugin.ByteArrays.Tests/bin/Release/net9.0/Plugin.ByteArrays.Tests.dll" adapterTypeName="executor://xunit/VsTestRunner3/netcore/" className="Plugin.ByteArrays.Tests.Coverage_OverloadsAndEdgesTests" name="Complex_Overloads_Version_Enum_Defaults" />
    </UnitTest>
    <UnitTest name="Plugin.ByteArrays.Tests.ByteArrayExtensions_ArrayManipulationTests.Concatenate_HandlesNullsAndEmpty" storage="/users/framinosona/desktop/personal/plugin.bytearray/plugin.bytearrays.tests/bin/release/net9.0/plugin.bytearrays.tests.dll" id="08e5d512-f35a-7f63-1a34-da130c72f271">
      <Execution id="31805097-9605-4db1-844a-3fcd6ccb515b" />
      <TestMethod codeBase="/Users/framinosona/Desktop/Personal/Plugin.ByteArray/Plugin.ByteArrays.Tests/bin/Release/net9.0/Plugin.ByteArrays.Tests.dll" adapterTypeName="executor://xunit/VsTestRunner3/netcore/" className="Plugin.ByteArrays.Tests.ByteArrayExtensions_ArrayManipulationTests" name="Concatenate_HandlesNullsAndEmpty" />
    </UnitTest>
    <UnitTest name="Plugin.ByteArrays.Tests.Coverage_MoreWrappersTests.String_NonRef_Wrappers_Covered" storage="/users/framinosona/desktop/personal/plugin.bytearray/plugin.bytearrays.tests/bin/release/net9.0/plugin.bytearrays.tests.dll" id="013ff20d-7c71-21e0-a209-3804256f5f7e">
      <Execution id="e71df225-2a14-474c-9ca8-2462920bdb13" />
      <TestMethod codeBase="/Users/framinosona/Desktop/Personal/Plugin.ByteArray/Plugin.ByteArrays.Tests/bin/Release/net9.0/Plugin.ByteArrays.Tests.dll" adapterTypeName="executor://xunit/VsTestRunner3/netcore/" className="Plugin.ByteArrays.Tests.Coverage_MoreWrappersTests" name="String_NonRef_Wrappers_Covered" />
    </UnitTest>
    <UnitTest name="Plugin.ByteArrays.Tests.ByteArrayExtensions_ArrayManipulationTests.Xor_Works_And_Throws_On_Errors" storage="/users/framinosona/desktop/personal/plugin.bytearray/plugin.bytearrays.tests/bin/release/net9.0/plugin.bytearrays.tests.dll" id="d8eb5319-1f86-d700-95a4-d4b05125c697">
      <Execution id="7cbed65a-805e-43a0-aa9d-05f8e190c168" />
      <TestMethod codeBase="/Users/framinosona/Desktop/Personal/Plugin.ByteArray/Plugin.ByteArrays.Tests/bin/Release/net9.0/Plugin.ByteArrays.Tests.dll" adapterTypeName="executor://xunit/VsTestRunner3/netcore/" className="Plugin.ByteArrays.Tests.ByteArrayExtensions_ArrayManipulationTests" name="Xor_Works_And_Throws_On_Errors" />
    </UnitTest>
    <UnitTest name="Plugin.ByteArrays.Tests.ByteArrayExtensions_CoreTests.ToDebugString_WithContent_ReturnsCommaSeparated" storage="/users/framinosona/desktop/personal/plugin.bytearray/plugin.bytearrays.tests/bin/release/net9.0/plugin.bytearrays.tests.dll" id="fdb3e073-0e0e-677f-b4fc-eca53ce9667c">
      <Execution id="d0a418d6-42d2-40dd-84f9-cf3e2342bd48" />
      <TestMethod codeBase="/Users/framinosona/Desktop/Personal/Plugin.ByteArray/Plugin.ByteArrays.Tests/bin/Release/net9.0/Plugin.ByteArrays.Tests.dll" adapterTypeName="executor://xunit/VsTestRunner3/netcore/" className="Plugin.ByteArrays.Tests.ByteArrayExtensions_CoreTests" name="ToDebugString_WithContent_ReturnsCommaSeparated" />
    </UnitTest>
    <UnitTest name="Plugin.ByteArrays.Tests.ByteArrayExtensions_CoreTests.ToHexDebugString_WithContent_ReturnsHexPairs" storage="/users/framinosona/desktop/personal/plugin.bytearray/plugin.bytearrays.tests/bin/release/net9.0/plugin.bytearrays.tests.dll" id="14413d91-2a4c-a287-e7d4-473445e2552a">
      <Execution id="1afce2ef-64cf-4321-bafd-c6a5896c2ce3" />
      <TestMethod codeBase="/Users/framinosona/Desktop/Personal/Plugin.ByteArray/Plugin.ByteArrays.Tests/bin/Release/net9.0/Plugin.ByteArrays.Tests.dll" adapterTypeName="executor://xunit/VsTestRunner3/netcore/" className="Plugin.ByteArrays.Tests.ByteArrayExtensions_CoreTests" name="ToHexDebugString_WithContent_ReturnsHexPairs" />
    </UnitTest>
    <UnitTest name="Plugin.ByteArrays.Tests.ByteArrayExtensions_CoreTests.EndsWith_Works(array: [1, 2, 3, 4], pattern: [3, 4], expected: True)" storage="/users/framinosona/desktop/personal/plugin.bytearray/plugin.bytearrays.tests/bin/release/net9.0/plugin.bytearrays.tests.dll" id="0241d42a-b9c6-2bdf-bfe6-084ef6314fbd">
      <Execution id="fe8b60ed-ab54-43a5-830b-df6bfa9f3129" />
      <TestMethod codeBase="/Users/framinosona/Desktop/Personal/Plugin.ByteArray/Plugin.ByteArrays.Tests/bin/Release/net9.0/Plugin.ByteArrays.Tests.dll" adapterTypeName="executor://xunit/VsTestRunner3/netcore/" className="Plugin.ByteArrays.Tests.ByteArrayExtensions_CoreTests" name="EndsWith_Works" />
    </UnitTest>
    <UnitTest name="Plugin.ByteArrays.Tests.ByteArrayExtensions_CoreTests.StartsWith_Works(array: [9, 9, 9], pattern: [1], expected: False)" storage="/users/framinosona/desktop/personal/plugin.bytearray/plugin.bytearrays.tests/bin/release/net9.0/plugin.bytearrays.tests.dll" id="21055318-dfad-49c4-8213-4b49638d11b6">
      <Execution id="96496564-b76f-4810-9db7-ceb0bbbdf81c" />
      <TestMethod codeBase="/Users/framinosona/Desktop/Personal/Plugin.ByteArray/Plugin.ByteArrays.Tests/bin/Release/net9.0/Plugin.ByteArrays.Tests.dll" adapterTypeName="executor://xunit/VsTestRunner3/netcore/" className="Plugin.ByteArrays.Tests.ByteArrayExtensions_CoreTests" name="StartsWith_Works" />
    </UnitTest>
    <UnitTest name="Plugin.ByteArrays.Tests.ByteArrayExtensions_PrimitiveAndIntegerTests.ToChar_Works" storage="/users/framinosona/desktop/personal/plugin.bytearray/plugin.bytearrays.tests/bin/release/net9.0/plugin.bytearrays.tests.dll" id="12146700-93ac-7455-7263-1c72a4db3f99">
      <Execution id="d31de9a4-2663-475a-afdf-5638b181f18d" />
      <TestMethod codeBase="/Users/framinosona/Desktop/Personal/Plugin.ByteArray/Plugin.ByteArrays.Tests/bin/Release/net9.0/Plugin.ByteArrays.Tests.dll" adapterTypeName="executor://xunit/VsTestRunner3/netcore/" className="Plugin.ByteArrays.Tests.ByteArrayExtensions_PrimitiveAndIntegerTests" name="ToChar_Works" />
    </UnitTest>
    <UnitTest name="Plugin.ByteArrays.Tests.Coverage_OverloadsAndEdgesTests.NonRef_Overloads_Are_Invoked" storage="/users/framinosona/desktop/personal/plugin.bytearray/plugin.bytearrays.tests/bin/release/net9.0/plugin.bytearrays.tests.dll" id="ee14d230-86cd-d79a-f919-8605b861d7e5">
      <Execution id="f83a05dd-c4ff-48e9-ae72-86f2d1e56921" />
      <TestMethod codeBase="/Users/framinosona/Desktop/Personal/Plugin.ByteArray/Plugin.ByteArrays.Tests/bin/Release/net9.0/Plugin.ByteArrays.Tests.dll" adapterTypeName="executor://xunit/VsTestRunner3/netcore/" className="Plugin.ByteArrays.Tests.Coverage_OverloadsAndEdgesTests" name="NonRef_Overloads_Are_Invoked" />
    </UnitTest>
    <UnitTest name="Plugin.ByteArrays.Tests.ByteArrayExtensions_CoreTests.StartsWith_Works(array: [1, 2, 3], pattern: [], expected: True)" storage="/users/framinosona/desktop/personal/plugin.bytearray/plugin.bytearrays.tests/bin/release/net9.0/plugin.bytearrays.tests.dll" id="aa653d69-f290-959e-ed47-82b9a823e7b5">
      <Execution id="83b444ca-1b96-40dd-b7e9-f379d2d25a55" />
      <TestMethod codeBase="/Users/framinosona/Desktop/Personal/Plugin.ByteArray/Plugin.ByteArrays.Tests/bin/Release/net9.0/Plugin.ByteArrays.Tests.dll" adapterTypeName="executor://xunit/VsTestRunner3/netcore/" className="Plugin.ByteArrays.Tests.ByteArrayExtensions_CoreTests" name="StartsWith_Works" />
    </UnitTest>
    <UnitTest name="Plugin.ByteArrays.Tests.ByteArrayExtensions_FloatingAndStringTests.Base64_To_And_From" storage="/users/framinosona/desktop/personal/plugin.bytearray/plugin.bytearrays.tests/bin/release/net9.0/plugin.bytearrays.tests.dll" id="e3836f0c-e56c-d95b-c2de-4ab790ae66f0">
      <Execution id="2891dc76-3ff3-4191-97e0-337544982590" />
      <TestMethod codeBase="/Users/framinosona/Desktop/Personal/Plugin.ByteArray/Plugin.ByteArrays.Tests/bin/Release/net9.0/Plugin.ByteArrays.Tests.dll" adapterTypeName="executor://xunit/VsTestRunner3/netcore/" className="Plugin.ByteArrays.Tests.ByteArrayExtensions_FloatingAndStringTests" name="Base64_To_And_From" />
    </UnitTest>
    <UnitTest name="Plugin.ByteArrays.Tests.ByteArrayBuilderTests.Append_Primitives_And_Enums" storage="/users/framinosona/desktop/personal/plugin.bytearray/plugin.bytearrays.tests/bin/release/net9.0/plugin.bytearrays.tests.dll" id="26b5f716-2144-d463-552a-779def5ebe94">
      <Execution id="b8ee527f-95c6-417d-a86c-5ddbb5705761" />
      <TestMethod codeBase="/Users/framinosona/Desktop/Personal/Plugin.ByteArray/Plugin.ByteArrays.Tests/bin/Release/net9.0/Plugin.ByteArrays.Tests.dll" adapterTypeName="executor://xunit/VsTestRunner3/netcore/" className="Plugin.ByteArrays.Tests.ByteArrayBuilderTests" name="Append_Primitives_And_Enums" />
    </UnitTest>
    <UnitTest name="Plugin.ByteArrays.Tests.ByteArrayExtensions_PrimitiveAndIntegerTests.ToBooleanOrDefault_OutOfBounds_ReturnsDefaultAndNoAdvance" storage="/users/framinosona/desktop/personal/plugin.bytearray/plugin.bytearrays.tests/bin/release/net9.0/plugin.bytearrays.tests.dll" id="5976a396-4def-b4cf-1935-45187f2c5ea8">
      <Execution id="a100357d-fe63-4140-83be-e5c967196356" />
      <TestMethod codeBase="/Users/framinosona/Desktop/Personal/Plugin.ByteArray/Plugin.ByteArrays.Tests/bin/Release/net9.0/Plugin.ByteArrays.Tests.dll" adapterTypeName="executor://xunit/VsTestRunner3/netcore/" className="Plugin.ByteArrays.Tests.ByteArrayExtensions_PrimitiveAndIntegerTests" name="ToBooleanOrDefault_OutOfBounds_ReturnsDefaultAndNoAdvance" />
    </UnitTest>
    <UnitTest name="Plugin.ByteArrays.Tests.ByteArrayBuilderTests.Append_Decimal_Writes16Bytes" storage="/users/framinosona/desktop/personal/plugin.bytearray/plugin.bytearrays.tests/bin/release/net9.0/plugin.bytearrays.tests.dll" id="88c8ebc8-7520-bb2e-66e6-e081128566d4">
      <Execution id="17e3fed6-8e20-4d62-a942-304c8c767bd1" />
      <TestMethod codeBase="/Users/framinosona/Desktop/Personal/Plugin.ByteArray/Plugin.ByteArrays.Tests/bin/Release/net9.0/Plugin.ByteArrays.Tests.dll" adapterTypeName="executor://xunit/VsTestRunner3/netcore/" className="Plugin.ByteArrays.Tests.ByteArrayBuilderTests" name="Append_Decimal_Writes16Bytes" />
    </UnitTest>
    <UnitTest name="Plugin.ByteArrays.Tests.ByteArrayExtensions_CoreTests.EndsWith_Works(array: [1, 2], pattern: [1, 2, 3], expected: False)" storage="/users/framinosona/desktop/personal/plugin.bytearray/plugin.bytearrays.tests/bin/release/net9.0/plugin.bytearrays.tests.dll" id="c2813650-c201-4d89-7cef-083efedc9c67">
      <Execution id="25d296bc-b6fd-423d-90e4-8ca45862c15d" />
      <TestMethod codeBase="/Users/framinosona/Desktop/Personal/Plugin.ByteArray/Plugin.ByteArrays.Tests/bin/Release/net9.0/Plugin.ByteArrays.Tests.dll" adapterTypeName="executor://xunit/VsTestRunner3/netcore/" className="Plugin.ByteArrays.Tests.ByteArrayExtensions_CoreTests" name="EndsWith_Works" />
    </UnitTest>
    <UnitTest name="Plugin.ByteArrays.Tests.Coverage_OverloadsAndEdgesTests.ByteArrayBuilder_ExtraBranches" storage="/users/framinosona/desktop/personal/plugin.bytearray/plugin.bytearrays.tests/bin/release/net9.0/plugin.bytearrays.tests.dll" id="b93fa58b-b758-1c67-9f82-d87f5f9867a0">
      <Execution id="ea4f97ec-0240-4f4f-b2a4-7201f670069c" />
      <TestMethod codeBase="/Users/framinosona/Desktop/Personal/Plugin.ByteArray/Plugin.ByteArrays.Tests/bin/Release/net9.0/Plugin.ByteArrays.Tests.dll" adapterTypeName="executor://xunit/VsTestRunner3/netcore/" className="Plugin.ByteArrays.Tests.Coverage_OverloadsAndEdgesTests" name="ByteArrayBuilder_ExtraBranches" />
    </UnitTest>
    <UnitTest name="Plugin.ByteArrays.Tests.ByteArrayExtensions_ComplexTypeTests.ToEnum_Int32_And_UInt64_Sizes" storage="/users/framinosona/desktop/personal/plugin.bytearray/plugin.bytearrays.tests/bin/release/net9.0/plugin.bytearrays.tests.dll" id="4fda66c0-fb39-f5db-842e-dc555909ebc9">
      <Execution id="e42d609d-cf07-4848-977c-92edad7331fc" />
      <TestMethod codeBase="/Users/framinosona/Desktop/Personal/Plugin.ByteArray/Plugin.ByteArrays.Tests/bin/Release/net9.0/Plugin.ByteArrays.Tests.dll" adapterTypeName="executor://xunit/VsTestRunner3/netcore/" className="Plugin.ByteArrays.Tests.ByteArrayExtensions_ComplexTypeTests" name="ToEnum_Int32_And_UInt64_Sizes" />
    </UnitTest>
    <UnitTest name="Plugin.ByteArrays.Tests.Coverage_OverloadsAndEdgesTests.StringConversions_ExtraEdges" storage="/users/framinosona/desktop/personal/plugin.bytearray/plugin.bytearrays.tests/bin/release/net9.0/plugin.bytearrays.tests.dll" id="d3bcd0d6-c6d0-3305-8f66-32ed7bdb1351">
      <Execution id="b759e6cc-2fdb-4adc-b1d7-bdc3807cd3c2" />
      <TestMethod codeBase="/Users/framinosona/Desktop/Personal/Plugin.ByteArray/Plugin.ByteArrays.Tests/bin/Release/net9.0/Plugin.ByteArrays.Tests.dll" adapterTypeName="executor://xunit/VsTestRunner3/netcore/" className="Plugin.ByteArrays.Tests.Coverage_OverloadsAndEdgesTests" name="StringConversions_ExtraEdges" />
    </UnitTest>
    <UnitTest name="Plugin.ByteArrays.Tests.ByteArrayExtensions_ArrayManipulationTests.SafeSlice_HandlesInvalidParameters" storage="/users/framinosona/desktop/personal/plugin.bytearray/plugin.bytearrays.tests/bin/release/net9.0/plugin.bytearrays.tests.dll" id="92c430cb-78ca-9cc7-ed4b-98c48c3a9fb6">
      <Execution id="ab6e765d-a62e-4043-bf69-491315da6e49" />
      <TestMethod codeBase="/Users/framinosona/Desktop/Personal/Plugin.ByteArray/Plugin.ByteArrays.Tests/bin/Release/net9.0/Plugin.ByteArrays.Tests.dll" adapterTypeName="executor://xunit/VsTestRunner3/netcore/" className="Plugin.ByteArrays.Tests.ByteArrayExtensions_ArrayManipulationTests" name="SafeSlice_HandlesInvalidParameters" />
    </UnitTest>
    <UnitTest name="Plugin.ByteArrays.Tests.ByteArrayExtensions_PrimitiveAndIntegerTests.ToByte_And_SByte" storage="/users/framinosona/desktop/personal/plugin.bytearray/plugin.bytearrays.tests/bin/release/net9.0/plugin.bytearrays.tests.dll" id="1350e22a-0f8b-2470-a355-d92bb03c3c26">
      <Execution id="75f0e255-8d56-40a0-af55-cb5b62babcf0" />
      <TestMethod codeBase="/Users/framinosona/Desktop/Personal/Plugin.ByteArray/Plugin.ByteArrays.Tests/bin/Release/net9.0/Plugin.ByteArrays.Tests.dll" adapterTypeName="executor://xunit/VsTestRunner3/netcore/" className="Plugin.ByteArrays.Tests.ByteArrayExtensions_PrimitiveAndIntegerTests" name="ToByte_And_SByte" />
    </UnitTest>
    <UnitTest name="Plugin.ByteArrays.Tests.ByteArrayExtensions_FloatingAndStringTests.ToSingleOrDefault_OutOfBounds_ReturnsDefault_NoAdvance" storage="/users/framinosona/desktop/personal/plugin.bytearray/plugin.bytearrays.tests/bin/release/net9.0/plugin.bytearrays.tests.dll" id="446ffc45-21cc-408b-d302-365e11335086">
      <Execution id="cf3cbd68-300a-40db-89ff-6e53321a3b3e" />
      <TestMethod codeBase="/Users/framinosona/Desktop/Personal/Plugin.ByteArray/Plugin.ByteArrays.Tests/bin/Release/net9.0/Plugin.ByteArrays.Tests.dll" adapterTypeName="executor://xunit/VsTestRunner3/netcore/" className="Plugin.ByteArrays.Tests.ByteArrayExtensions_FloatingAndStringTests" name="ToSingleOrDefault_OutOfBounds_ReturnsDefault_NoAdvance" />
    </UnitTest>
    <UnitTest name="Plugin.ByteArrays.Tests.ObjectToByteArrayExtensionsTests.StringToByteArrays_Work_And_Empty_ReturnsEmpty" storage="/users/framinosona/desktop/personal/plugin.bytearray/plugin.bytearrays.tests/bin/release/net9.0/plugin.bytearrays.tests.dll" id="a5f7c6f1-44c0-2c3a-e22e-1b60b3d5fb70">
      <Execution id="ef63ea65-1f9f-4341-9ecb-49faccf1cea9" />
      <TestMethod codeBase="/Users/framinosona/Desktop/Personal/Plugin.ByteArray/Plugin.ByteArrays.Tests/bin/Release/net9.0/Plugin.ByteArrays.Tests.dll" adapterTypeName="executor://xunit/VsTestRunner3/netcore/" className="Plugin.ByteArrays.Tests.ObjectToByteArrayExtensionsTests" name="StringToByteArrays_Work_And_Empty_ReturnsEmpty" />
    </UnitTest>
    <UnitTest name="Plugin.ByteArrays.Tests.ObjectToByteArrayExtensionsTests.ToByteArray_Generic_SupportsManyTypes" storage="/users/framinosona/desktop/personal/plugin.bytearray/plugin.bytearrays.tests/bin/release/net9.0/plugin.bytearrays.tests.dll" id="6f68a7e4-7730-a333-d1b9-05eda75b2514">
      <Execution id="9faf9e79-ef1b-4557-8b3a-3536c6ebf48b" />
      <TestMethod codeBase="/Users/framinosona/Desktop/Personal/Plugin.ByteArray/Plugin.ByteArrays.Tests/bin/Release/net9.0/Plugin.ByteArrays.Tests.dll" adapterTypeName="executor://xunit/VsTestRunner3/netcore/" className="Plugin.ByteArrays.Tests.ObjectToByteArrayExtensionsTests" name="ToByteArray_Generic_SupportsManyTypes" />
    </UnitTest>
    <UnitTest name="Plugin.ByteArrays.Tests.ByteArrayExtensions_FloatingAndStringTests.Hex_String_To_And_From" storage="/users/framinosona/desktop/personal/plugin.bytearray/plugin.bytearrays.tests/bin/release/net9.0/plugin.bytearrays.tests.dll" id="468f3ae9-9f47-4862-4bd1-bacd890acbe6">
      <Execution id="4c044a32-6c27-43c8-b336-b72a8983251a" />
      <TestMethod codeBase="/Users/framinosona/Desktop/Personal/Plugin.ByteArray/Plugin.ByteArrays.Tests/bin/Release/net9.0/Plugin.ByteArrays.Tests.dll" adapterTypeName="executor://xunit/VsTestRunner3/netcore/" className="Plugin.ByteArrays.Tests.ByteArrayExtensions_FloatingAndStringTests" name="Hex_String_To_And_From" />
    </UnitTest>
    <UnitTest name="Plugin.ByteArrays.Tests.ByteArrayExtensions_CoreTests.StartsWith_Works(array: [1, 2], pattern: [1, 2, 3], expected: False)" storage="/users/framinosona/desktop/personal/plugin.bytearray/plugin.bytearrays.tests/bin/release/net9.0/plugin.bytearrays.tests.dll" id="d01cc9e4-2843-7e54-603b-84b256fe00c2">
      <Execution id="ed940fe0-d2fd-471f-b2e2-210774881665" />
      <TestMethod codeBase="/Users/framinosona/Desktop/Personal/Plugin.ByteArray/Plugin.ByteArrays.Tests/bin/Release/net9.0/Plugin.ByteArrays.Tests.dll" adapterTypeName="executor://xunit/VsTestRunner3/netcore/" className="Plugin.ByteArrays.Tests.ByteArrayExtensions_CoreTests" name="StartsWith_Works" />
    </UnitTest>
    <UnitTest name="Plugin.ByteArrays.Tests.ByteArrayExtensions_CoreTests.StartsWith_Works(array: [1, 2, 3, 4], pattern: [1, 2], expected: True)" storage="/users/framinosona/desktop/personal/plugin.bytearray/plugin.bytearrays.tests/bin/release/net9.0/plugin.bytearrays.tests.dll" id="bfb06148-0774-373f-d21e-0b6bed78b958">
      <Execution id="1bf89da7-a1c2-4675-958d-af4c1aaade56" />
      <TestMethod codeBase="/Users/framinosona/Desktop/Personal/Plugin.ByteArray/Plugin.ByteArrays.Tests/bin/Release/net9.0/Plugin.ByteArrays.Tests.dll" adapterTypeName="executor://xunit/VsTestRunner3/netcore/" className="Plugin.ByteArrays.Tests.ByteArrayExtensions_CoreTests" name="StartsWith_Works" />
    </UnitTest>
    <UnitTest name="Plugin.ByteArrays.Tests.ByteArrayExtensions_ComplexTypeTests.ToEnum_NonFlags_ValidAndInvalid" storage="/users/framinosona/desktop/personal/plugin.bytearray/plugin.bytearrays.tests/bin/release/net9.0/plugin.bytearrays.tests.dll" id="8789042b-4a58-b4f8-7f96-3f66ded22117">
      <Execution id="1f135b33-9513-46a3-841a-cb2674d9ea21" />
      <TestMethod codeBase="/Users/framinosona/Desktop/Personal/Plugin.ByteArray/Plugin.ByteArrays.Tests/bin/Release/net9.0/Plugin.ByteArrays.Tests.dll" adapterTypeName="executor://xunit/VsTestRunner3/netcore/" className="Plugin.ByteArrays.Tests.ByteArrayExtensions_ComplexTypeTests" name="ToEnum_NonFlags_ValidAndInvalid" />
    </UnitTest>
    <UnitTest name="Plugin.ByteArrays.Tests.Coverage_MoreWrappersTests.TrimEnd_NoTrimmingNeeded" storage="/users/framinosona/desktop/personal/plugin.bytearray/plugin.bytearrays.tests/bin/release/net9.0/plugin.bytearrays.tests.dll" id="189bd127-2706-f7e0-f0d0-58b5aaa0b106">
      <Execution id="77ef4c57-39b7-444b-a826-f263fca8cb92" />
      <TestMethod codeBase="/Users/framinosona/Desktop/Personal/Plugin.ByteArray/Plugin.ByteArrays.Tests/bin/Release/net9.0/Plugin.ByteArrays.Tests.dll" adapterTypeName="executor://xunit/VsTestRunner3/netcore/" className="Plugin.ByteArrays.Tests.Coverage_MoreWrappersTests" name="TrimEnd_NoTrimmingNeeded" />
    </UnitTest>
    <UnitTest name="Plugin.ByteArrays.Tests.Coverage_OverloadsAndEdgesTests.ArrayManipulation_ExtraBranches" storage="/users/framinosona/desktop/personal/plugin.bytearray/plugin.bytearrays.tests/bin/release/net9.0/plugin.bytearrays.tests.dll" id="00427d67-4807-0a18-9468-1dddd666c5b6">
      <Execution id="b1aec10d-8535-4b75-9f1d-d12424bd37c1" />
      <TestMethod codeBase="/Users/framinosona/Desktop/Personal/Plugin.ByteArray/Plugin.ByteArrays.Tests/bin/Release/net9.0/Plugin.ByteArrays.Tests.dll" adapterTypeName="executor://xunit/VsTestRunner3/netcore/" className="Plugin.ByteArrays.Tests.Coverage_OverloadsAndEdgesTests" name="ArrayManipulation_ExtraBranches" />
    </UnitTest>
    <UnitTest name="Plugin.ByteArrays.Tests.ByteArrayExtensions_PrimitiveAndIntegerTests.ExecuteConversion_Guards_Throw_On_Invalid" storage="/users/framinosona/desktop/personal/plugin.bytearray/plugin.bytearrays.tests/bin/release/net9.0/plugin.bytearrays.tests.dll" id="1ca5c145-5b75-dd54-74d6-0e3408b1de1a">
      <Execution id="d58e6633-3978-4296-9595-570a99c96267" />
      <TestMethod codeBase="/Users/framinosona/Desktop/Personal/Plugin.ByteArray/Plugin.ByteArrays.Tests/bin/Release/net9.0/Plugin.ByteArrays.Tests.dll" adapterTypeName="executor://xunit/VsTestRunner3/netcore/" className="Plugin.ByteArrays.Tests.ByteArrayExtensions_PrimitiveAndIntegerTests" name="ExecuteConversion_Guards_Throw_On_Invalid" />
    </UnitTest>
    <UnitTest name="Plugin.ByteArrays.Tests.ByteArrayExtensions_CoreTests.EndsWith_Works(array: [1, 2, 3], pattern: [], expected: True)" storage="/users/framinosona/desktop/personal/plugin.bytearray/plugin.bytearrays.tests/bin/release/net9.0/plugin.bytearrays.tests.dll" id="7d69d983-2741-2e71-fd96-d3bbe6dc1981">
      <Execution id="bd73c6a1-491f-4da0-9f89-2cc704eba9e5" />
      <TestMethod codeBase="/Users/framinosona/Desktop/Personal/Plugin.ByteArray/Plugin.ByteArrays.Tests/bin/Release/net9.0/Plugin.ByteArrays.Tests.dll" adapterTypeName="executor://xunit/VsTestRunner3/netcore/" className="Plugin.ByteArrays.Tests.ByteArrayExtensions_CoreTests" name="EndsWith_Works" />
    </UnitTest>
    <UnitTest name="Plugin.ByteArrays.Tests.ByteArrayBuilderTests.ToByteArray_MaxSize_Throws_When_Exceeded" storage="/users/framinosona/desktop/personal/plugin.bytearray/plugin.bytearrays.tests/bin/release/net9.0/plugin.bytearrays.tests.dll" id="4117f416-037b-bcb7-b6fb-2cfc10246a31">
      <Execution id="1a600d82-cf47-49d8-a1d4-c2ac3a992946" />
      <TestMethod codeBase="/Users/framinosona/Desktop/Personal/Plugin.ByteArray/Plugin.ByteArrays.Tests/bin/Release/net9.0/Plugin.ByteArrays.Tests.dll" adapterTypeName="executor://xunit/VsTestRunner3/netcore/" className="Plugin.ByteArrays.Tests.ByteArrayBuilderTests" name="ToByteArray_MaxSize_Throws_When_Exceeded" />
    </UnitTest>
    <UnitTest name="Plugin.ByteArrays.Tests.ByteArrayExtensions_ArrayManipulationTests.Reverse_ReturnsNewArray" storage="/users/framinosona/desktop/personal/plugin.bytearray/plugin.bytearrays.tests/bin/release/net9.0/plugin.bytearrays.tests.dll" id="8df47058-6fdd-d5dd-81dc-c6ea3b57464f">
      <Execution id="9ddf38c4-4a14-424f-b4b5-f3e6d307a9bc" />
      <TestMethod codeBase="/Users/framinosona/Desktop/Personal/Plugin.ByteArray/Plugin.ByteArrays.Tests/bin/Release/net9.0/Plugin.ByteArrays.Tests.dll" adapterTypeName="executor://xunit/VsTestRunner3/netcore/" className="Plugin.ByteArrays.Tests.ByteArrayExtensions_ArrayManipulationTests" name="Reverse_ReturnsNewArray" />
    </UnitTest>
    <UnitTest name="Plugin.ByteArrays.Tests.ByteArrayExtensions_CoreTests.IsIdenticalTo_CoversNullRefAndContent" storage="/users/framinosona/desktop/personal/plugin.bytearray/plugin.bytearrays.tests/bin/release/net9.0/plugin.bytearrays.tests.dll" id="046936c2-0c4e-fa59-eb30-4fb021780709">
      <Execution id="2e9e8a2b-8772-4d15-8a47-d1d21c862b9d" />
      <TestMethod codeBase="/Users/framinosona/Desktop/Personal/Plugin.ByteArray/Plugin.ByteArrays.Tests/bin/Release/net9.0/Plugin.ByteArrays.Tests.dll" adapterTypeName="executor://xunit/VsTestRunner3/netcore/" className="Plugin.ByteArrays.Tests.ByteArrayExtensions_CoreTests" name="IsIdenticalTo_CoversNullRefAndContent" />
    </UnitTest>
    <UnitTest name="Plugin.ByteArrays.Tests.ByteArrayBuilderTests.Invoke_Private_AppendEnum_Generic_Via_Reflection" storage="/users/framinosona/desktop/personal/plugin.bytearray/plugin.bytearrays.tests/bin/release/net9.0/plugin.bytearrays.tests.dll" id="8bd79e60-ddf0-5a43-cbd5-989747f30d39">
      <Execution id="a498d87e-2d7b-4199-9297-e4b2aaa10e4a" />
      <TestMethod codeBase="/Users/framinosona/Desktop/Personal/Plugin.ByteArray/Plugin.ByteArrays.Tests/bin/Release/net9.0/Plugin.ByteArrays.Tests.dll" adapterTypeName="executor://xunit/VsTestRunner3/netcore/" className="Plugin.ByteArrays.Tests.ByteArrayBuilderTests" name="Invoke_Private_AppendEnum_Generic_Via_Reflection" />
    </UnitTest>
    <UnitTest name="Plugin.ByteArrays.Tests.ObjectToByteArrayExtensionsTests.Hex_Base64_StringToBytes" storage="/users/framinosona/desktop/personal/plugin.bytearray/plugin.bytearrays.tests/bin/release/net9.0/plugin.bytearrays.tests.dll" id="33cbcec6-5feb-291e-6c20-7df1db67ecdc">
      <Execution id="90747152-3feb-4661-a64f-38e5cae5f598" />
      <TestMethod codeBase="/Users/framinosona/Desktop/Personal/Plugin.ByteArray/Plugin.ByteArrays.Tests/bin/Release/net9.0/Plugin.ByteArrays.Tests.dll" adapterTypeName="executor://xunit/VsTestRunner3/netcore/" className="Plugin.ByteArrays.Tests.ObjectToByteArrayExtensionsTests" name="Hex_Base64_StringToBytes" />
    </UnitTest>
    <UnitTest name="Plugin.ByteArrays.Tests.ByteArrayExtensions_ComplexTypeTests.ToEnum_Flags_ValidAndInvalidBits" storage="/users/framinosona/desktop/personal/plugin.bytearray/plugin.bytearrays.tests/bin/release/net9.0/plugin.bytearrays.tests.dll" id="419b6212-6db9-c626-5c09-2553ba92231a">
      <Execution id="049ddaed-d287-4839-a522-f0f7c4a5add1" />
      <TestMethod codeBase="/Users/framinosona/Desktop/Personal/Plugin.ByteArray/Plugin.ByteArrays.Tests/bin/Release/net9.0/Plugin.ByteArrays.Tests.dll" adapterTypeName="executor://xunit/VsTestRunner3/netcore/" className="Plugin.ByteArrays.Tests.ByteArrayExtensions_ComplexTypeTests" name="ToEnum_Flags_ValidAndInvalidBits" />
    </UnitTest>
    <UnitTest name="Plugin.ByteArrays.Tests.ByteArrayBuilderTests.Append_Null_And_DisposeAsync_Covered" storage="/users/framinosona/desktop/personal/plugin.bytearray/plugin.bytearrays.tests/bin/release/net9.0/plugin.bytearrays.tests.dll" id="a91aa977-0e85-3471-b1ed-c3e26b87d46c">
      <Execution id="62a4c0db-237a-4869-8624-dd482c7d97c2" />
      <TestMethod codeBase="/Users/framinosona/Desktop/Personal/Plugin.ByteArray/Plugin.ByteArrays.Tests/bin/Release/net9.0/Plugin.ByteArrays.Tests.dll" adapterTypeName="executor://xunit/VsTestRunner3/netcore/" className="Plugin.ByteArrays.Tests.ByteArrayBuilderTests" name="Append_Null_And_DisposeAsync_Covered" />
    </UnitTest>
    <UnitTest name="Plugin.ByteArrays.Tests.ByteArrayExtensions_ComplexTypeTests.ToVersion_And_Default" storage="/users/framinosona/desktop/personal/plugin.bytearray/plugin.bytearrays.tests/bin/release/net9.0/plugin.bytearrays.tests.dll" id="8ca562f1-d048-ef01-2a3a-a6462a2dace4">
      <Execution id="3e1f3d5d-c7ea-4649-bea9-daa614054c6c" />
      <TestMethod codeBase="/Users/framinosona/Desktop/Personal/Plugin.ByteArray/Plugin.ByteArrays.Tests/bin/Release/net9.0/Plugin.ByteArrays.Tests.dll" adapterTypeName="executor://xunit/VsTestRunner3/netcore/" className="Plugin.ByteArrays.Tests.ByteArrayExtensions_ComplexTypeTests" name="ToVersion_And_Default" />
    </UnitTest>
    <UnitTest name="Plugin.ByteArrays.Tests.ByteArrayBuilderTests.AppendHex_Invalid_Throws" storage="/users/framinosona/desktop/personal/plugin.bytearray/plugin.bytearrays.tests/bin/release/net9.0/plugin.bytearrays.tests.dll" id="a1fa8f82-09eb-9a1e-1137-bb544ef05aa3">
      <Execution id="c33a0fc9-8138-4428-aa9d-005e059dfba7" />
      <TestMethod codeBase="/Users/framinosona/Desktop/Personal/Plugin.ByteArray/Plugin.ByteArrays.Tests/bin/Release/net9.0/Plugin.ByteArrays.Tests.dll" adapterTypeName="executor://xunit/VsTestRunner3/netcore/" className="Plugin.ByteArrays.Tests.ByteArrayBuilderTests" name="AppendHex_Invalid_Throws" />
    </UnitTest>
    <UnitTest name="Plugin.ByteArrays.Tests.ByteArrayExtensions_FloatingAndStringTests.ToDouble_ToSingle_Roundtrip" storage="/users/framinosona/desktop/personal/plugin.bytearray/plugin.bytearrays.tests/bin/release/net9.0/plugin.bytearrays.tests.dll" id="ff2d64c8-ab21-e0d1-c32b-d395250cb7e2">
      <Execution id="d833b583-bfa1-44a8-bbbe-154ab8f4d44c" />
      <TestMethod codeBase="/Users/framinosona/Desktop/Personal/Plugin.ByteArray/Plugin.ByteArrays.Tests/bin/Release/net9.0/Plugin.ByteArrays.Tests.dll" adapterTypeName="executor://xunit/VsTestRunner3/netcore/" className="Plugin.ByteArrays.Tests.ByteArrayExtensions_FloatingAndStringTests" name="ToDouble_ToSingle_Roundtrip" />
    </UnitTest>
    <UnitTest name="Plugin.ByteArrays.Tests.ByteArrayExtensions_PrimitiveAndIntegerTests.ToBoolean_ReadsAndAdvances" storage="/users/framinosona/desktop/personal/plugin.bytearray/plugin.bytearrays.tests/bin/release/net9.0/plugin.bytearrays.tests.dll" id="45787536-c73f-82d0-3d1f-29248321ba74">
      <Execution id="e147c0c3-9aea-4404-9577-0a1974595a0b" />
      <TestMethod codeBase="/Users/framinosona/Desktop/Personal/Plugin.ByteArray/Plugin.ByteArrays.Tests/bin/Release/net9.0/Plugin.ByteArrays.Tests.dll" adapterTypeName="executor://xunit/VsTestRunner3/netcore/" className="Plugin.ByteArrays.Tests.ByteArrayExtensions_PrimitiveAndIntegerTests" name="ToBoolean_ReadsAndAdvances" />
    </UnitTest>
    <UnitTest name="Plugin.ByteArrays.Tests.ByteArrayExtensions_PrimitiveAndIntegerTests.ToInt16_Int32_UInt64_AndDefaults" storage="/users/framinosona/desktop/personal/plugin.bytearray/plugin.bytearrays.tests/bin/release/net9.0/plugin.bytearrays.tests.dll" id="9adac72a-13b6-d900-ffec-a1b888ab3889">
      <Execution id="79980e14-c321-4990-bfa1-eb9282662ac1" />
      <TestMethod codeBase="/Users/framinosona/Desktop/Personal/Plugin.ByteArray/Plugin.ByteArrays.Tests/bin/Release/net9.0/Plugin.ByteArrays.Tests.dll" adapterTypeName="executor://xunit/VsTestRunner3/netcore/" className="Plugin.ByteArrays.Tests.ByteArrayExtensions_PrimitiveAndIntegerTests" name="ToInt16_Int32_UInt64_AndDefaults" />
    </UnitTest>
    <UnitTest name="Plugin.ByteArrays.Tests.ByteArrayExtensions_CoreTests.IndexOf_FindsPatternOrNot" storage="/users/framinosona/desktop/personal/plugin.bytearray/plugin.bytearrays.tests/bin/release/net9.0/plugin.bytearrays.tests.dll" id="d9bddf79-e57b-4131-7d68-69d081029fb7">
      <Execution id="c51f87f1-854d-479f-a1c4-ea7a3da333b2" />
      <TestMethod codeBase="/Users/framinosona/Desktop/Personal/Plugin.ByteArray/Plugin.ByteArrays.Tests/bin/Release/net9.0/Plugin.ByteArrays.Tests.dll" adapterTypeName="executor://xunit/VsTestRunner3/netcore/" className="Plugin.ByteArrays.Tests.ByteArrayExtensions_CoreTests" name="IndexOf_FindsPatternOrNot" />
    </UnitTest>
    <UnitTest name="Plugin.ByteArrays.Tests.ByteArrayBuilderTests.ToString_Prints_CommaSeparated" storage="/users/framinosona/desktop/personal/plugin.bytearray/plugin.bytearrays.tests/bin/release/net9.0/plugin.bytearrays.tests.dll" id="e6762ee2-299a-352f-f950-76e04d95b7b4">
      <Execution id="59235b9e-ca24-4096-9b2b-491f41829be4" />
      <TestMethod codeBase="/Users/framinosona/Desktop/Personal/Plugin.ByteArray/Plugin.ByteArrays.Tests/bin/Release/net9.0/Plugin.ByteArrays.Tests.dll" adapterTypeName="executor://xunit/VsTestRunner3/netcore/" className="Plugin.ByteArrays.Tests.ByteArrayBuilderTests" name="ToString_Prints_CommaSeparated" />
    </UnitTest>
    <UnitTest name="Plugin.ByteArrays.Tests.ByteArrayExtensions_ArrayManipulationTests.TrimEnd_ReturnsNewArray_And_NonDestructive_Works" storage="/users/framinosona/desktop/personal/plugin.bytearray/plugin.bytearrays.tests/bin/release/net9.0/plugin.bytearrays.tests.dll" id="b3ed3661-d96c-b66d-6be0-ac28233c1ae4">
      <Execution id="232778cd-675a-4de3-a89c-f06b2902ab6c" />
      <TestMethod codeBase="/Users/framinosona/Desktop/Personal/Plugin.ByteArray/Plugin.ByteArrays.Tests/bin/Release/net9.0/Plugin.ByteArrays.Tests.dll" adapterTypeName="executor://xunit/VsTestRunner3/netcore/" className="Plugin.ByteArrays.Tests.ByteArrayExtensions_ArrayManipulationTests" name="TrimEnd_ReturnsNewArray_And_NonDestructive_Works" />
    </UnitTest>
    <UnitTest name="Plugin.ByteArrays.Tests.ByteArrayExtensions_FloatingAndStringTests.Utf8_Ascii_Defaults_And_Lengths" storage="/users/framinosona/desktop/personal/plugin.bytearray/plugin.bytearrays.tests/bin/release/net9.0/plugin.bytearrays.tests.dll" id="2d338e71-6c1c-edb4-d648-9ee785985a55">
      <Execution id="3619cd75-4d47-49ba-a5bb-7058165c6c70" />
      <TestMethod codeBase="/Users/framinosona/Desktop/Personal/Plugin.ByteArray/Plugin.ByteArrays.Tests/bin/Release/net9.0/Plugin.ByteArrays.Tests.dll" adapterTypeName="executor://xunit/VsTestRunner3/netcore/" className="Plugin.ByteArrays.Tests.ByteArrayExtensions_FloatingAndStringTests" name="Utf8_Ascii_Defaults_And_Lengths" />
    </UnitTest>
    <UnitTest name="Plugin.ByteArrays.Tests.ByteArrayBuilderTests.AppendUtf8_Ascii_Hex_Base64" storage="/users/framinosona/desktop/personal/plugin.bytearray/plugin.bytearrays.tests/bin/release/net9.0/plugin.bytearrays.tests.dll" id="0c8c6b7b-535e-c1d1-b1c7-9028cab2860c">
      <Execution id="44a64fd2-ec98-468a-991c-eef6d38ea9e0" />
      <TestMethod codeBase="/Users/framinosona/Desktop/Personal/Plugin.ByteArray/Plugin.ByteArrays.Tests/bin/Release/net9.0/Plugin.ByteArrays.Tests.dll" adapterTypeName="executor://xunit/VsTestRunner3/netcore/" className="Plugin.ByteArrays.Tests.ByteArrayBuilderTests" name="AppendUtf8_Ascii_Hex_Base64" />
    </UnitTest>
    <UnitTest name="Plugin.ByteArrays.Tests.ByteArrayBuilderTests.AppendBase64_Invalid_Throws" storage="/users/framinosona/desktop/personal/plugin.bytearray/plugin.bytearrays.tests/bin/release/net9.0/plugin.bytearrays.tests.dll" id="2232cc4c-586b-e594-2b0e-5dea027564e3">
      <Execution id="55c40b06-2d5f-47b4-9a9c-d832282bed99" />
      <TestMethod codeBase="/Users/framinosona/Desktop/Personal/Plugin.ByteArray/Plugin.ByteArrays.Tests/bin/Release/net9.0/Plugin.ByteArrays.Tests.dll" adapterTypeName="executor://xunit/VsTestRunner3/netcore/" className="Plugin.ByteArrays.Tests.ByteArrayBuilderTests" name="AppendBase64_Invalid_Throws" />
    </UnitTest>
    <UnitTest name="Plugin.ByteArrays.Tests.ByteArrayExtensions_CoreTests.ToDebugString_Null_ReturnsNullTag" storage="/users/framinosona/desktop/personal/plugin.bytearray/plugin.bytearrays.tests/bin/release/net9.0/plugin.bytearrays.tests.dll" id="9f5cb452-56c2-0e98-abb3-686df00164d1">
      <Execution id="95141488-da60-4b9f-912f-85afcb321be6" />
      <TestMethod codeBase="/Users/framinosona/Desktop/Personal/Plugin.ByteArray/Plugin.ByteArrays.Tests/bin/Release/net9.0/Plugin.ByteArrays.Tests.dll" adapterTypeName="executor://xunit/VsTestRunner3/netcore/" className="Plugin.ByteArrays.Tests.ByteArrayExtensions_CoreTests" name="ToDebugString_Null_ReturnsNullTag" />
    </UnitTest>
    <UnitTest name="Plugin.ByteArrays.Tests.ByteArrayExtensions_CoreTests.EndsWith_Works(array: [9, 9, 9], pattern: [1], expected: False)" storage="/users/framinosona/desktop/personal/plugin.bytearray/plugin.bytearrays.tests/bin/release/net9.0/plugin.bytearrays.tests.dll" id="fc1ec564-6553-becb-7f85-7da579d235ba">
      <Execution id="c050a234-c8c0-4db1-bfc8-52640fa8ad35" />
      <TestMethod codeBase="/Users/framinosona/Desktop/Personal/Plugin.ByteArray/Plugin.ByteArrays.Tests/bin/Release/net9.0/Plugin.ByteArrays.Tests.dll" adapterTypeName="executor://xunit/VsTestRunner3/netcore/" className="Plugin.ByteArrays.Tests.ByteArrayExtensions_CoreTests" name="EndsWith_Works" />
    </UnitTest>
    <UnitTest name="Plugin.ByteArrays.Tests.ByteArrayExtensions_FloatingAndStringTests.Utf8_And_Ascii_String_Conversions_Work" storage="/users/framinosona/desktop/personal/plugin.bytearray/plugin.bytearrays.tests/bin/release/net9.0/plugin.bytearrays.tests.dll" id="a2ebcbd8-61d2-84ef-524b-85c19717ac11">
      <Execution id="08ed7dc8-d62b-4dc2-b9c5-3b5f4068a550" />
      <TestMethod codeBase="/Users/framinosona/Desktop/Personal/Plugin.ByteArray/Plugin.ByteArrays.Tests/bin/Release/net9.0/Plugin.ByteArrays.Tests.dll" adapterTypeName="executor://xunit/VsTestRunner3/netcore/" className="Plugin.ByteArrays.Tests.ByteArrayExtensions_FloatingAndStringTests" name="Utf8_And_Ascii_String_Conversions_Work" />
    </UnitTest>
  </TestDefinitions>
  <TestEntries>
    <TestEntry testId="d8eb5319-1f86-d700-95a4-d4b05125c697" executionId="7cbed65a-805e-43a0-aa9d-05f8e190c168" testListId="8c84fa94-04c1-424b-9868-57a2d4851a1d" />
    <TestEntry testId="45787536-c73f-82d0-3d1f-29248321ba74" executionId="e147c0c3-9aea-4404-9577-0a1974595a0b" testListId="8c84fa94-04c1-424b-9868-57a2d4851a1d" />
    <TestEntry testId="d58f1d46-a332-559e-e7b9-2817df33193d" executionId="3690a8d6-ae29-4400-9c60-8575b3a50d8f" testListId="8c84fa94-04c1-424b-9868-57a2d4851a1d" />
    <TestEntry testId="0c8c6b7b-535e-c1d1-b1c7-9028cab2860c" executionId="44a64fd2-ec98-468a-991c-eef6d38ea9e0" testListId="8c84fa94-04c1-424b-9868-57a2d4851a1d" />
    <TestEntry testId="21055318-dfad-49c4-8213-4b49638d11b6" executionId="96496564-b76f-4810-9db7-ceb0bbbdf81c" testListId="8c84fa94-04c1-424b-9868-57a2d4851a1d" />
    <TestEntry testId="4fda66c0-fb39-f5db-842e-dc555909ebc9" executionId="e42d609d-cf07-4848-977c-92edad7331fc" testListId="8c84fa94-04c1-424b-9868-57a2d4851a1d" />
    <TestEntry testId="013ff20d-7c71-21e0-a209-3804256f5f7e" executionId="e71df225-2a14-474c-9ca8-2462920bdb13" testListId="8c84fa94-04c1-424b-9868-57a2d4851a1d" />
    <TestEntry testId="c2813650-c201-4d89-7cef-083efedc9c67" executionId="25d296bc-b6fd-423d-90e4-8ca45862c15d" testListId="8c84fa94-04c1-424b-9868-57a2d4851a1d" />
    <TestEntry testId="fdb3e073-0e0e-677f-b4fc-eca53ce9667c" executionId="d0a418d6-42d2-40dd-84f9-cf3e2342bd48" testListId="8c84fa94-04c1-424b-9868-57a2d4851a1d" />
    <TestEntry testId="ee14d230-86cd-d79a-f919-8605b861d7e5" executionId="f83a05dd-c4ff-48e9-ae72-86f2d1e56921" testListId="8c84fa94-04c1-424b-9868-57a2d4851a1d" />
    <TestEntry testId="12146700-93ac-7455-7263-1c72a4db3f99" executionId="d31de9a4-2663-475a-afdf-5638b181f18d" testListId="8c84fa94-04c1-424b-9868-57a2d4851a1d" />
    <TestEntry testId="8789042b-4a58-b4f8-7f96-3f66ded22117" executionId="1f135b33-9513-46a3-841a-cb2674d9ea21" testListId="8c84fa94-04c1-424b-9868-57a2d4851a1d" />
    <TestEntry testId="e3836f0c-e56c-d95b-c2de-4ab790ae66f0" executionId="2891dc76-3ff3-4191-97e0-337544982590" testListId="8c84fa94-04c1-424b-9868-57a2d4851a1d" />
    <TestEntry testId="b93fa58b-b758-1c67-9f82-d87f5f9867a0" executionId="ea4f97ec-0240-4f4f-b2a4-7201f670069c" testListId="8c84fa94-04c1-424b-9868-57a2d4851a1d" />
    <TestEntry testId="419b6212-6db9-c626-5c09-2553ba92231a" executionId="049ddaed-d287-4839-a522-f0f7c4a5add1" testListId="8c84fa94-04c1-424b-9868-57a2d4851a1d" />
    <TestEntry testId="33cbcec6-5feb-291e-6c20-7df1db67ecdc" executionId="90747152-3feb-4661-a64f-38e5cae5f598" testListId="8c84fa94-04c1-424b-9868-57a2d4851a1d" />
    <TestEntry testId="6f68a7e4-7730-a333-d1b9-05eda75b2514" executionId="9faf9e79-ef1b-4557-8b3a-3536c6ebf48b" testListId="8c84fa94-04c1-424b-9868-57a2d4851a1d" />
    <TestEntry testId="b3ed3661-d96c-b66d-6be0-ac28233c1ae4" executionId="232778cd-675a-4de3-a89c-f06b2902ab6c" testListId="8c84fa94-04c1-424b-9868-57a2d4851a1d" />
    <TestEntry testId="08e5d512-f35a-7f63-1a34-da130c72f271" executionId="31805097-9605-4db1-844a-3fcd6ccb515b" testListId="8c84fa94-04c1-424b-9868-57a2d4851a1d" />
    <TestEntry testId="aa653d69-f290-959e-ed47-82b9a823e7b5" executionId="83b444ca-1b96-40dd-b7e9-f379d2d25a55" testListId="8c84fa94-04c1-424b-9868-57a2d4851a1d" />
    <TestEntry testId="a1fa8f82-09eb-9a1e-1137-bb544ef05aa3" executionId="c33a0fc9-8138-4428-aa9d-005e059dfba7" testListId="8c84fa94-04c1-424b-9868-57a2d4851a1d" />
    <TestEntry testId="09469a33-7783-e079-cef3-39b1f2ac9426" executionId="b4911895-b08b-4d31-8839-7a71d8a640ae" testListId="8c84fa94-04c1-424b-9868-57a2d4851a1d" />
    <TestEntry testId="046936c2-0c4e-fa59-eb30-4fb021780709" executionId="2e9e8a2b-8772-4d15-8a47-d1d21c862b9d" testListId="8c84fa94-04c1-424b-9868-57a2d4851a1d" />
    <TestEntry testId="d3bcd0d6-c6d0-3305-8f66-32ed7bdb1351" executionId="b759e6cc-2fdb-4adc-b1d7-bdc3807cd3c2" testListId="8c84fa94-04c1-424b-9868-57a2d4851a1d" />
    <TestEntry testId="a5f7c6f1-44c0-2c3a-e22e-1b60b3d5fb70" executionId="ef63ea65-1f9f-4341-9ecb-49faccf1cea9" testListId="8c84fa94-04c1-424b-9868-57a2d4851a1d" />
    <TestEntry testId="00427d67-4807-0a18-9468-1dddd666c5b6" executionId="b1aec10d-8535-4b75-9f1d-d12424bd37c1" testListId="8c84fa94-04c1-424b-9868-57a2d4851a1d" />
    <TestEntry testId="14413d91-2a4c-a287-e7d4-473445e2552a" executionId="1afce2ef-64cf-4321-bafd-c6a5896c2ce3" testListId="8c84fa94-04c1-424b-9868-57a2d4851a1d" />
    <TestEntry testId="8ca562f1-d048-ef01-2a3a-a6462a2dace4" executionId="3e1f3d5d-c7ea-4649-bea9-daa614054c6c" testListId="8c84fa94-04c1-424b-9868-57a2d4851a1d" />
    <TestEntry testId="2232cc4c-586b-e594-2b0e-5dea027564e3" executionId="55c40b06-2d5f-47b4-9a9c-d832282bed99" testListId="8c84fa94-04c1-424b-9868-57a2d4851a1d" />
    <TestEntry testId="9adac72a-13b6-d900-ffec-a1b888ab3889" executionId="79980e14-c321-4990-bfa1-eb9282662ac1" testListId="8c84fa94-04c1-424b-9868-57a2d4851a1d" />
    <TestEntry testId="d9bddf79-e57b-4131-7d68-69d081029fb7" executionId="c51f87f1-854d-479f-a1c4-ea7a3da333b2" testListId="8c84fa94-04c1-424b-9868-57a2d4851a1d" />
    <TestEntry testId="d01cc9e4-2843-7e54-603b-84b256fe00c2" executionId="ed940fe0-d2fd-471f-b2e2-210774881665" testListId="8c84fa94-04c1-424b-9868-57a2d4851a1d" />
    <TestEntry testId="a91aa977-0e85-3471-b1ed-c3e26b87d46c" executionId="62a4c0db-237a-4869-8624-dd482c7d97c2" testListId="8c84fa94-04c1-424b-9868-57a2d4851a1d" />
    <TestEntry testId="4117f416-037b-bcb7-b6fb-2cfc10246a31" executionId="1a600d82-cf47-49d8-a1d4-c2ac3a992946" testListId="8c84fa94-04c1-424b-9868-57a2d4851a1d" />
    <TestEntry testId="8bd79e60-ddf0-5a43-cbd5-989747f30d39" executionId="a498d87e-2d7b-4199-9297-e4b2aaa10e4a" testListId="8c84fa94-04c1-424b-9868-57a2d4851a1d" />
    <TestEntry testId="26b5f716-2144-d463-552a-779def5ebe94" executionId="b8ee527f-95c6-417d-a86c-5ddbb5705761" testListId="8c84fa94-04c1-424b-9868-57a2d4851a1d" />
    <TestEntry testId="9f5cb452-56c2-0e98-abb3-686df00164d1" executionId="95141488-da60-4b9f-912f-85afcb321be6" testListId="8c84fa94-04c1-424b-9868-57a2d4851a1d" />
    <TestEntry testId="1ca5c145-5b75-dd54-74d6-0e3408b1de1a" executionId="d58e6633-3978-4296-9595-570a99c96267" testListId="8c84fa94-04c1-424b-9868-57a2d4851a1d" />
    <TestEntry testId="8df47058-6fdd-d5dd-81dc-c6ea3b57464f" executionId="9ddf38c4-4a14-424f-b4b5-f3e6d307a9bc" testListId="8c84fa94-04c1-424b-9868-57a2d4851a1d" />
    <TestEntry testId="189bd127-2706-f7e0-f0d0-58b5aaa0b106" executionId="77ef4c57-39b7-444b-a826-f263fca8cb92" testListId="8c84fa94-04c1-424b-9868-57a2d4851a1d" />
    <TestEntry testId="fc1ec564-6553-becb-7f85-7da579d235ba" executionId="c050a234-c8c0-4db1-bfc8-52640fa8ad35" testListId="8c84fa94-04c1-424b-9868-57a2d4851a1d" />
    <TestEntry testId="ff2d64c8-ab21-e0d1-c32b-d395250cb7e2" executionId="d833b583-bfa1-44a8-bbbe-154ab8f4d44c" testListId="8c84fa94-04c1-424b-9868-57a2d4851a1d" />
    <TestEntry testId="7d69d983-2741-2e71-fd96-d3bbe6dc1981" executionId="bd73c6a1-491f-4da0-9f89-2cc704eba9e5" testListId="8c84fa94-04c1-424b-9868-57a2d4851a1d" />
    <TestEntry testId="1350e22a-0f8b-2470-a355-d92bb03c3c26" executionId="75f0e255-8d56-40a0-af55-cb5b62babcf0" testListId="8c84fa94-04c1-424b-9868-57a2d4851a1d" />
    <TestEntry testId="e6762ee2-299a-352f-f950-76e04d95b7b4" executionId="59235b9e-ca24-4096-9b2b-491f41829be4" testListId="8c84fa94-04c1-424b-9868-57a2d4851a1d" />
    <TestEntry testId="92c430cb-78ca-9cc7-ed4b-98c48c3a9fb6" executionId="ab6e765d-a62e-4043-bf69-491315da6e49" testListId="8c84fa94-04c1-424b-9868-57a2d4851a1d" />
    <TestEntry testId="468f3ae9-9f47-4862-4bd1-bacd890acbe6" executionId="4c044a32-6c27-43c8-b336-b72a8983251a" testListId="8c84fa94-04c1-424b-9868-57a2d4851a1d" />
    <TestEntry testId="2d338e71-6c1c-edb4-d648-9ee785985a55" executionId="3619cd75-4d47-49ba-a5bb-7058165c6c70" testListId="8c84fa94-04c1-424b-9868-57a2d4851a1d" />
    <TestEntry testId="88c8ebc8-7520-bb2e-66e6-e081128566d4" executionId="17e3fed6-8e20-4d62-a942-304c8c767bd1" testListId="8c84fa94-04c1-424b-9868-57a2d4851a1d" />
    <TestEntry testId="a2ebcbd8-61d2-84ef-524b-85c19717ac11" executionId="08ed7dc8-d62b-4dc2-b9c5-3b5f4068a550" testListId="8c84fa94-04c1-424b-9868-57a2d4851a1d" />
    <TestEntry testId="bfb06148-0774-373f-d21e-0b6bed78b958" executionId="1bf89da7-a1c2-4675-958d-af4c1aaade56" testListId="8c84fa94-04c1-424b-9868-57a2d4851a1d" />
    <TestEntry testId="446ffc45-21cc-408b-d302-365e11335086" executionId="cf3cbd68-300a-40db-89ff-6e53321a3b3e" testListId="8c84fa94-04c1-424b-9868-57a2d4851a1d" />
    <TestEntry testId="5976a396-4def-b4cf-1935-45187f2c5ea8" executionId="a100357d-fe63-4140-83be-e5c967196356" testListId="8c84fa94-04c1-424b-9868-57a2d4851a1d" />
    <TestEntry testId="0241d42a-b9c6-2bdf-bfe6-084ef6314fbd" executionId="fe8b60ed-ab54-43a5-830b-df6bfa9f3129" testListId="8c84fa94-04c1-424b-9868-57a2d4851a1d" />
  </TestEntries>
  <TestLists>
    <TestList name="Results Not in a List" id="8c84fa94-04c1-424b-9868-57a2d4851a1d" />
    <TestList name="All Loaded Results" id="19431567-8539-422a-85d7-44ee4e166bda" />
  </TestLists>
  <ResultSummary outcome="Completed">
    <Counters total="54" executed="54" passed="54" failed="0" error="0" timeout="0" aborted="0" inconclusive="0" passedButRunAborted="0" notRunnable="0" notExecuted="0" disconnected="0" warning="0" completed="0" inProgress="0" pending="0" />
    <Output>
      <StdOut>[xUnit.net 00:00:00.00] xUnit.net VSTest Adapter v3.1.3+b1b99bdeb3 (64-bit .NET 9.0.9)
[xUnit.net 00:00:00.07]   Discovering: Plugin.ByteArrays.Tests
[xUnit.net 00:00:00.10]   Discovered:  Plugin.ByteArrays.Tests
[xUnit.net 00:00:00.13]   Starting:    Plugin.ByteArrays.Tests
[xUnit.net 00:00:00.20]   Finished:    Plugin.ByteArrays.Tests
</StdOut>
    </Output>
  </ResultSummary>
</TestRun>